<?xml version="1.0" encoding="UTF-8"?>
<!-- Generated by org.testng.reporters.JUnitXMLReporter -->
<testsuite ignored="0" hostname="Anant" failures="0" tests="8" name="EDGE Standard Tests" time="160.209" errors="0" timestamp="2025-09-27T02:57:40 IST">
  <testcase classname="com.sauceDemo.testCases.TC003_CheckoutTest" name="@BeforeMethod loginAndAddProduct" time="21.997">
    <failure type="org.openqa.selenium.NoSuchWindowException" message="no such window: target window already closed
from unknown error: web view not found
  (Session info: chrome=140.0.7339.208)
Build info: version: &amp;apos;4.15.0&amp;apos;, revision: &amp;apos;1d14b5521b&amp;apos;
System info: os.name: &amp;apos;Windows 10&amp;apos;, os.arch: &amp;apos;amd64&amp;apos;, os.version: &amp;apos;10.0&amp;apos;, java.version: &amp;apos;11.0.13&amp;apos;
Driver info: org.openqa.selenium.chrome.ChromeDriver
Command: [3692166c81f6d8503b296d15084c10b1, findElement {using=id, value=user-name}]
Capabilities {acceptInsecureCerts: false, browserName: chrome, browserVersion: 140.0.7339.208, chrome: {chromedriverVersion: 140.0.7339.207 (17230b545fd..., userDataDir: C:\Users\anant\AppData\Loca...}, fedcm:accounts: true, goog:chromeOptions: {debuggerAddress: localhost:64426}, networkConnectionEnabled: false, pageLoadStrategy: normal, platformName: windows, proxy: Proxy(), se:cdp: ws://localhost:64426/devtoo..., se:cdpVersion: 140.0.7339.208, setWindowRect: true, strictFileInteractability: false, timeouts: {implicit: 0, pageLoad: 300000, script: 30000}, unhandledPromptBehavior: dismiss and notify, webauthn:extension:credBlob: true, webauthn:extension:largeBlob: true, webauthn:extension:minPinLength: true, webauthn:extension:prf: true, webauthn:virtualAuthenticators: true}
Session ID: 3692166c81f6d8503b296d15084c10b1">
      <![CDATA[org.openqa.selenium.NoSuchWindowException: no such window: target window already closed
from unknown error: web view not found
  (Session info: chrome=140.0.7339.208)
Build info: version: '4.15.0', revision: '1d14b5521b'
System info: os.name: 'Windows 10', os.arch: 'amd64', os.version: '10.0', java.version: '11.0.13'
Driver info: org.openqa.selenium.chrome.ChromeDriver
Command: [3692166c81f6d8503b296d15084c10b1, findElement {using=id, value=user-name}]
Capabilities {acceptInsecureCerts: false, browserName: chrome, browserVersion: 140.0.7339.208, chrome: {chromedriverVersion: 140.0.7339.207 (17230b545fd..., userDataDir: C:\Users\anant\AppData\Loca...}, fedcm:accounts: true, goog:chromeOptions: {debuggerAddress: localhost:64426}, networkConnectionEnabled: false, pageLoadStrategy: normal, platformName: windows, proxy: Proxy(), se:cdp: ws://localhost:64426/devtoo..., se:cdpVersion: 140.0.7339.208, setWindowRect: true, strictFileInteractability: false, timeouts: {implicit: 0, pageLoad: 300000, script: 30000}, unhandledPromptBehavior: dismiss and notify, webauthn:extension:credBlob: true, webauthn:extension:largeBlob: true, webauthn:extension:minPinLength: true, webauthn:extension:prf: true, webauthn:virtualAuthenticators: true}
Session ID: 3692166c81f6d8503b296d15084c10b1
at org.openqa.selenium.remote.codec.w3c.W3CHttpResponseCodec.createException(W3CHttpResponseCodec.java:200)
at org.openqa.selenium.remote.codec.w3c.W3CHttpResponseCodec.decode(W3CHttpResponseCodec.java:133)
at org.openqa.selenium.remote.codec.w3c.W3CHttpResponseCodec.decode(W3CHttpResponseCodec.java:52)
at org.openqa.selenium.remote.HttpCommandExecutor.execute(HttpCommandExecutor.java:191)
at org.openqa.selenium.remote.service.DriverCommandExecutor.invokeExecute(DriverCommandExecutor.java:200)
at org.openqa.selenium.remote.service.DriverCommandExecutor.execute(DriverCommandExecutor.java:175)
at org.openqa.selenium.remote.RemoteWebDriver.execute(RemoteWebDriver.java:607)
at org.openqa.selenium.remote.ElementLocation$ElementFinder$2.findElement(ElementLocation.java:165)
at org.openqa.selenium.remote.ElementLocation.findElement(ElementLocation.java:66)
at org.openqa.selenium.remote.RemoteWebDriver.findElement(RemoteWebDriver.java:364)
at org.openqa.selenium.remote.RemoteWebDriver.findElement(RemoteWebDriver.java:358)
at org.openqa.selenium.support.pagefactory.DefaultElementLocator.findElement(DefaultElementLocator.java:68)
at org.openqa.selenium.support.pagefactory.internal.LocatingElementHandler.invoke(LocatingElementHandler.java:38)
at com.sun.proxy.$Proxy36.toString(Unknown Source)
at java.base/java.lang.String.valueOf(String.java:2951)
at com.sauceDemo.pageObjects.BasePageFunctions.typeText(BasePageFunctions.java:76)
at com.sauceDemo.pageObjects.LoginPage.enterUsername(LoginPage.java:31)
at com.sauceDemo.testCases.TC003_CheckoutTest.loginAndAddProduct(TC003_CheckoutTest.java:18)
at java.base/java.util.ArrayList.forEach(ArrayList.java:1541)
... Removed 38 stack frames]]>
    </failure>
  </testcase> <!-- @BeforeMethod loginAndAddProduct -->
  <testcase classname="com.sauceDemo.bases.BaseTest" name="@AfterMethod teardown" time="0.0">
    <skipped/>
  </testcase> <!-- @AfterMethod teardown -->
  <testcase classname="com.sauceDemo.bases.BaseTest" name="@BeforeMethod setup" time="0.0">
    <skipped/>
  </testcase> <!-- @BeforeMethod setup -->
  <testcase classname="com.sauceDemo.testCases.TC003_CheckoutTest" name="@BeforeMethod loginAndAddProduct" time="0.0">
    <skipped/>
  </testcase> <!-- @BeforeMethod loginAndAddProduct -->
  <testcase classname="com.sauceDemo.bases.BaseTest" name="@AfterMethod teardown" time="0.0">
    <skipped/>
  </testcase> <!-- @AfterMethod teardown -->
  <testcase classname="com.sauceDemo.testCases.TC001_LoginTest" name="testSuccessfulLoginUser" time="14.279"/>
  <testcase classname="com.sauceDemo.testCases.TC001_LoginTest" name="testLoginProblemUser" time="14.25"/>
  <testcase classname="com.sauceDemo.testCases.TC001_LoginTest" name="testLoginPerformanceGlitchUser" time="18.507"/>
  <testcase classname="com.sauceDemo.testCases.TC002_ProductTest" name="testAddSingleProductToCart" time="0.552"/>
  <testcase classname="com.sauceDemo.testCases.TC002_ProductTest" name="testAddMultipleProductsToCart" time="0.951"/>
  <testcase classname="com.sauceDemo.testCases.TC003_CheckoutTest" name="testSuccessfulProductCheckout" time="0.0">
    <skipped/>
  </testcase> <!-- testSuccessfulProductCheckout -->
  <testcase classname="com.sauceDemo.testCases.TC003_CheckoutTest" name="testCancelCheckoutFromInformationPage" time="0.0">
    <skipped/>
  </testcase> <!-- testCancelCheckoutFromInformationPage -->
  <testcase classname="com.sauceDemo.testCases.TC004_FailedLoginScreenshotTest" name="testInvalidLoginForScreenshot" time="7.408">
    <skipped/>
  </testcase> <!-- testInvalidLoginForScreenshot -->
</testsuite> <!-- EDGE Standard Tests -->
