<!DOCTYPE html PUBLIC "-//W3C//DTD XHTML 1.1//EN" "https://www.w3.org/TR/xhtml11/DTD/xhtml11.dtd">
<html xmlns="https://www.w3.org/1999/xhtml">
<head>
<meta http-equiv="content-type" content="text/html; charset=UTF-8"/>
<title>TestNG Report</title>
<style type="text/css">table {margin-bottom:10px;border-collapse:collapse;empty-cells:show}th,td {border:1px solid #009;padding:.25em .5em}th {vertical-align:bottom}td {vertical-align:top}table a {font-weight:bold}.stripe td {background-color: #E6EBF9}.num {text-align:right}.passedodd td {background-color: #3F3}.passedeven td {background-color: #0A0}.skippedodd td {background-color: #DDD}.skippedeven td {background-color: #CCC}.failedodd td,.attn {background-color: #F33}.failedeven td,.stripe .attn {background-color: #D00}.stacktrace {white-space:pre;font-family:monospace}.totop {font-size:85%;text-align:center;border-bottom:2px solid #000}.invisible {display:none}</style>
</head>
<body>
<table>
<tr><th>Test</th><th># Passed</th><th># Skipped</th><th># Retried</th><th># Failed</th><th>Time (ms)</th><th>Included Groups</th><th>Excluded Groups</th></tr>
<tr><th colspan="8">SauceDemo Automation Suite</th></tr>
<tr><td><a href="#t0">Chrome Standard Tests</a></td><td class="num">21</td><td class="num">0</td><td class="num attn">5</td><td class="num attn">5</td><td class="num">876,696</td><td></td><td></td></tr>
</table>
<table id='summary'><thead><tr><th>Class</th><th>Method</th><th>Start</th><th>Time (ms)</th></tr></thead><tbody><tr><th colspan="4">SauceDemo Automation Suite</th></tr></tbody><tbody id="t0"><tr><th colspan="4">Chrome Standard Tests &#8212; failed</th></tr><tr class="failedeven"><td rowspan="2">com.sauceDemo.testCases.TC004_FailedLoginScreenshotTest</td><td><a href="#m0">testInvalidLoginForScreenshot</a></td><td rowspan="1">1760076813274</td><td rowspan="1">2180</td></tr><tr class="failedeven"><td><a href="#m1">testLockedOutUserLoginForScreenshot</a></td><td rowspan="1">1760076823558</td><td rowspan="1">2117</td></tr><tr class="failedodd"><td rowspan="1">com.sauceDemo.testCases.TC005_RetryAnalyzerTest</td><td><a href="#m2">testFlakyLoginAttempt</a></td><td rowspan="1">1760076843973</td><td rowspan="1">12285</td></tr><tr class="failedeven"><td rowspan="1">com.sauceDemo.testCases.TC008_PurchaseFlowJson</td><td><a href="#m3">verifyPurchaseFlowWithDynamicData</a></td><td rowspan="1">1760077158254</td><td rowspan="1">64720</td></tr><tr class="failedodd"><td rowspan="1">com.sauceDemo.testCases.TC011_CustomExceptionDemoTest</td><td><a href="#m4">demonstrateCustomExceptions</a></td><td rowspan="1">1760077384698</td><td rowspan="1">21990</td></tr><tr><th colspan="4">Chrome Standard Tests &#8212; retried</th></tr><tr class="retriedeven"><td rowspan="2">com.sauceDemo.testCases.TC004_FailedLoginScreenshotTest</td><td><a href="#m5">testInvalidLoginForScreenshot</a></td><td rowspan="1">1760076808160</td><td rowspan="1">2296</td></tr><tr class="retriedeven"><td><a href="#m6">testLockedOutUserLoginForScreenshot</a></td><td rowspan="1">1760076818494</td><td rowspan="1">2074</td></tr><tr class="retriedodd"><td rowspan="1">com.sauceDemo.testCases.TC005_RetryAnalyzerTest</td><td><a href="#m7">testFlakyLoginAttempt</a></td><td rowspan="1">1760076828742</td><td rowspan="1">12195</td></tr><tr class="retriedeven"><td rowspan="1">com.sauceDemo.testCases.TC008_PurchaseFlowJson</td><td><a href="#m8">verifyPurchaseFlowWithDynamicData</a></td><td rowspan="1">1760077087357</td><td rowspan="1">67752</td></tr><tr class="retriedodd"><td rowspan="1">com.sauceDemo.testCases.TC011_CustomExceptionDemoTest</td><td><a href="#m9">demonstrateCustomExceptions</a></td><td rowspan="1">1760077359261</td><td rowspan="1">22196</td></tr><tr><th colspan="4">Chrome Standard Tests &#8212; passed</th></tr><tr class="passedeven"><td rowspan="3">com.sauceDemo.testCases.TC001_LoginTest</td><td><a href="#m10">testLoginPerformanceGlitchUser</a></td><td rowspan="1">1760076659150</td><td rowspan="1">17164</td></tr><tr class="passedeven"><td><a href="#m11">testLoginProblemUser</a></td><td rowspan="1">1760076643771</td><td rowspan="1">12442</td></tr><tr class="passedeven"><td><a href="#m12">testSuccessfulLoginUser</a></td><td rowspan="1">1760076626540</td><td rowspan="1">14066</td></tr><tr class="passedodd"><td rowspan="2">com.sauceDemo.testCases.TC002_ProductTest</td><td><a href="#m13">testAddMultipleProductsToCart</a></td><td rowspan="1">1760076708427</td><td rowspan="1">778</td></tr><tr class="passedodd"><td><a href="#m14">testAddSingleProductToCart</a></td><td rowspan="1">1760076691405</td><td rowspan="1">572</td></tr><tr class="passedeven"><td rowspan="2">com.sauceDemo.testCases.TC003_CheckoutTest</td><td><a href="#m15">testCancelCheckoutFromInformationPage</a></td><td rowspan="1">1760076784521</td><td rowspan="1">20771</td></tr><tr class="passedeven"><td><a href="#m16">testSuccessfulProductCheckout</a></td><td rowspan="1">1760076725568</td><td rowspan="1">42800</td></tr><tr class="passedodd"><td rowspan="5">com.sauceDemo.testCases.TC006_LoginDDTTest</td><td><a href="#m17">testLoginDataDrivenTest</a></td><td rowspan="5">1760076877663</td><td rowspan="5">2315</td></tr><tr class="passedodd"><td><a href="#m18">testLoginDataDrivenTest</a></td></tr><tr class="passedodd"><td><a href="#m19">testLoginDataDrivenTest</a></td></tr><tr class="passedodd"><td><a href="#m20">testLoginDataDrivenTest</a></td></tr><tr class="passedodd"><td><a href="#m21">testLoginDataDrivenTest</a></td></tr><tr class="passedeven"><td rowspan="1">com.sauceDemo.testCases.TC007_DashboardMenuTest</td><td><a href="#m22">verifyHamburgerMenuItems</a></td><td rowspan="1">1760076924944</td><td rowspan="1">13570</td></tr><tr class="passedodd"><td rowspan="3">com.sauceDemo.testCases.TC008_PurchaseFlowJson</td><td><a href="#m23">verifyPurchaseFlowWithDynamicData</a></td><td rowspan="3">1760077002739</td><td rowspan="3">48810</td></tr><tr class="passedodd"><td><a href="#m24">verifyPurchaseFlowWithDynamicData</a></td></tr><tr class="passedodd"><td><a href="#m25">verifyPurchaseFlowWithDynamicData</a></td></tr><tr class="passedeven"><td rowspan="1">com.sauceDemo.testCases.TC009_DynamicCheckoutInfoTest</td><td><a href="#m26">verifyPurchaseFlowWithFakerData</a></td><td rowspan="1">1760077226454</td><td rowspan="1">70420</td></tr><tr class="passedodd"><td rowspan="1">com.sauceDemo.testCases.TC010_BuilderPatternCheckoutTest</td><td><a href="#m27">tc010_verifyPurchaseFlowWithBuilderData</a></td><td rowspan="1">1760077300237</td><td rowspan="1">55517</td></tr><tr class="passedeven"><td rowspan="1">com.sauceDemo.testCases.TC012_WebDriverUtilsDemoTest</td><td><a href="#m28">demonstrateWebDriverUtils</a></td><td rowspan="1">1760077410299</td><td rowspan="1">34961</td></tr><tr class="passedodd"><td rowspan="1">com.sauceDemo.testCases.TC013_HyundaiWarrantyWindowHandling</td><td><a href="#m29">testHyundaiWarrantyLinkWindowHandling</a></td><td rowspan="1">1760077448607</td><td rowspan="1">40795</td></tr><tr class="passedeven"><td rowspan="1">com.sauceDemo.testCases.TC014_EnhancedLoginTest</td><td><a href="#m30">testEnhancedLogin</a></td><td rowspan="1">1760077492818</td><td rowspan="1">2033</td></tr></tbody>
</table>
<h2>Chrome Standard Tests</h2><h3 id="m0">com.sauceDemo.testCases.TC004_FailedLoginScreenshotTest#testInvalidLoginForScreenshot</h3><table class="result"><tr><th>Exception</th></tr><tr><td><div class="stacktrace">java.lang.AssertionError: Error message for invalid login is incorrect. expected [Epic sadface: This is an incorrect error message to force failure] but found [Epic sadface: Username and password do not match any user in this service]
	at com.sauceDemo.testCases.TC004_FailedLoginScreenshotTest.testInvalidLoginForScreenshot(TC004_FailedLoginScreenshotTest.java:23)
	at java.base/java.util.ArrayList.forEach(ArrayList.java:1541)
	at com.intellij.rt.testng.IDEARemoteTestNG.run(IDEARemoteTestNG.java:65)
	at com.intellij.rt.testng.RemoteTestNGStarter.main(RemoteTestNGStarter.java:105)
... Removed 29 stack frames</div></td></tr></table><p class="totop"><a href="#summary">back to summary</a></p>
<h3 id="m1">com.sauceDemo.testCases.TC004_FailedLoginScreenshotTest#testLockedOutUserLoginForScreenshot</h3><table class="result"><tr><th>Exception</th></tr><tr><td><div class="stacktrace">java.lang.AssertionError: Error message for locked out user is incorrect. expected [Epic sadface: Intentional wrong message for screenshot] but found [Epic sadface: Sorry, this user has been locked out.]
	at com.sauceDemo.testCases.TC004_FailedLoginScreenshotTest.testLockedOutUserLoginForScreenshot(TC004_FailedLoginScreenshotTest.java:38)
	at java.base/java.util.ArrayList.forEach(ArrayList.java:1541)
	at com.intellij.rt.testng.IDEARemoteTestNG.run(IDEARemoteTestNG.java:65)
	at com.intellij.rt.testng.RemoteTestNGStarter.main(RemoteTestNGStarter.java:105)
... Removed 29 stack frames</div></td></tr></table><p class="totop"><a href="#summary">back to summary</a></p>
<h3 id="m2">com.sauceDemo.testCases.TC005_RetryAnalyzerTest#testFlakyLoginAttempt</h3><table class="result"><tr><th>Exception</th></tr><tr><td><div class="stacktrace">java.lang.AssertionError: Simulating a transient failure. This test should be retried!
	at com.sauceDemo.testCases.TC005_RetryAnalyzerTest.testFlakyLoginAttempt(TC005_RetryAnalyzerTest.java:44)
	at java.base/java.util.ArrayList.forEach(ArrayList.java:1541)
	at com.intellij.rt.testng.IDEARemoteTestNG.run(IDEARemoteTestNG.java:65)
	at com.intellij.rt.testng.RemoteTestNGStarter.main(RemoteTestNGStarter.java:105)
... Removed 25 stack frames</div></td></tr></table><p class="totop"><a href="#summary">back to summary</a></p>
<h3 id="m3">com.sauceDemo.testCases.TC008_PurchaseFlowJson#verifyPurchaseFlowWithDynamicData</h3><table class="result"><tr class="param"><th>Parameter #1</th><th>Parameter #2</th></tr><tr class="param stripe"><td>Error Scenario - No Products Selected</td><td>PurchaseScenario{scenarioName=&apos;Error Scenario - No Products Selected&apos;, productsToAdd=[], checkoutDetails=CheckoutDetails{firstName=&apos;Empty&apos;, lastName=&apos;Cart&apos;, zipCode=&apos;10000&apos;}, expectedItemTotal=&apos;null&apos;, expectedTax=&apos;null&apos;, expectedGrandTotal=&apos;null&apos;, expectedConfirmationMessage=&apos;null&apos;, expectedErrorMessage=&apos;Error: Your cart is empty.&apos;}</td></tr><tr><th colspan="2">Exception</th></tr><tr><td colspan="2"><div class="stacktrace">java.lang.AssertionError: Error message should be displayed. expected [true] but found [false]
	at com.sauceDemo.testCases.TC008_PurchaseFlowJson.verifyPurchaseFlowWithDynamicData(TC008_PurchaseFlowJson.java:138)
	at java.base/java.util.ArrayList.forEach(ArrayList.java:1541)
	at com.intellij.rt.testng.IDEARemoteTestNG.run(IDEARemoteTestNG.java:65)
	at com.intellij.rt.testng.RemoteTestNGStarter.main(RemoteTestNGStarter.java:105)
... Removed 27 stack frames</div></td></tr></table><p class="totop"><a href="#summary">back to summary</a></p>
<h3 id="m4">com.sauceDemo.testCases.TC011_CustomExceptionDemoTest#demonstrateCustomExceptions</h3><table class="result"><tr><th>Exception</th></tr><tr><td><div class="stacktrace">com.sauceDemo.exceptions.ElementNotFoundException: Failed to find expected element with ID &apos;nonExistentElementID123&apos; on the Products Page. This element is critical for the test flow.
	at com.sauceDemo.testCases.TC011_CustomExceptionDemoTest.demonstrateCustomExceptions(TC011_CustomExceptionDemoTest.java:54)
	at java.base/java.util.ArrayList.forEach(ArrayList.java:1541)
	at com.intellij.rt.testng.IDEARemoteTestNG.run(IDEARemoteTestNG.java:65)
	at com.intellij.rt.testng.RemoteTestNGStarter.main(RemoteTestNGStarter.java:105)
Caused by: org.openqa.selenium.NoSuchElementException: no such element: Unable to locate element: {&quot;method&quot;:&quot;css selector&quot;,&quot;selector&quot;:&quot;#nonExistentElementID123&quot;}
  (Session info: chrome=140.0.7339.208)
For documentation on this error, please visit: https://www.selenium.dev/documentation/webdriver/troubleshooting/errors#no-such-element-exception
Build info: version: &apos;4.15.0&apos;, revision: &apos;1d14b5521b&apos;
System info: os.name: &apos;Windows 10&apos;, os.arch: &apos;amd64&apos;, os.version: &apos;10.0&apos;, java.version: &apos;11.0.13&apos;
Driver info: org.openqa.selenium.chrome.ChromeDriver
Command: [928ea911185205b097667c60a0d3c0ec, findElement {using=id, value=nonExistentElementID123}]
Capabilities {acceptInsecureCerts: false, browserName: chrome, browserVersion: 140.0.7339.208, chrome: {chromedriverVersion: 140.0.7339.207 (17230b545fd..., userDataDir: C:\Users\anant\AppData\Loca...}, fedcm:accounts: true, goog:chromeOptions: {debuggerAddress: localhost:50672}, networkConnectionEnabled: false, pageLoadStrategy: normal, platformName: windows, proxy: Proxy(), se:cdp: ws://localhost:50672/devtoo..., se:cdpVersion: 140.0.7339.208, setWindowRect: true, strictFileInteractability: false, timeouts: {implicit: 0, pageLoad: 300000, script: 30000}, unhandledPromptBehavior: dismiss and notify, webauthn:extension:credBlob: true, webauthn:extension:largeBlob: true, webauthn:extension:minPinLength: true, webauthn:extension:prf: true, webauthn:virtualAuthenticators: true}
Session ID: 928ea911185205b097667c60a0d3c0ec
	at org.openqa.selenium.remote.codec.w3c.W3CHttpResponseCodec.createException(W3CHttpResponseCodec.java:200)
	at org.openqa.selenium.remote.codec.w3c.W3CHttpResponseCodec.decode(W3CHttpResponseCodec.java:133)
	at org.openqa.selenium.remote.codec.w3c.W3CHttpResponseCodec.decode(W3CHttpResponseCodec.java:52)
	at org.openqa.selenium.remote.HttpCommandExecutor.execute(HttpCommandExecutor.java:191)
	at org.openqa.selenium.remote.service.DriverCommandExecutor.invokeExecute(DriverCommandExecutor.java:200)
	at org.openqa.selenium.remote.service.DriverCommandExecutor.execute(DriverCommandExecutor.java:175)
	at org.openqa.selenium.remote.RemoteWebDriver.execute(RemoteWebDriver.java:607)
	at org.openqa.selenium.remote.ElementLocation$ElementFinder$2.findElement(ElementLocation.java:165)
	at org.openqa.selenium.remote.ElementLocation.findElement(ElementLocation.java:59)
	at org.openqa.selenium.remote.RemoteWebDriver.findElement(RemoteWebDriver.java:364)
	at org.openqa.selenium.remote.RemoteWebDriver.findElement(RemoteWebDriver.java:358)
	at com.sauceDemo.testCases.TC011_CustomExceptionDemoTest.demonstrateCustomExceptions(TC011_CustomExceptionDemoTest.java:48)
	... 27 more
... Removed 27 stack frames</div></td></tr></table><p class="totop"><a href="#summary">back to summary</a></p>
<h3 id="m5">com.sauceDemo.testCases.TC004_FailedLoginScreenshotTest#testInvalidLoginForScreenshot</h3><table class="result"><tr><th>Exception</th></tr><tr><td><div class="stacktrace">java.lang.AssertionError: Error message for invalid login is incorrect. expected [Epic sadface: This is an incorrect error message to force failure] but found [Epic sadface: Username and password do not match any user in this service]
	at com.sauceDemo.testCases.TC004_FailedLoginScreenshotTest.testInvalidLoginForScreenshot(TC004_FailedLoginScreenshotTest.java:23)
	at java.base/java.util.ArrayList.forEach(ArrayList.java:1541)
	at com.intellij.rt.testng.IDEARemoteTestNG.run(IDEARemoteTestNG.java:65)
	at com.intellij.rt.testng.RemoteTestNGStarter.main(RemoteTestNGStarter.java:105)
... Removed 29 stack frames</div></td></tr></table><p class="totop"><a href="#summary">back to summary</a></p>
<h3 id="m6">com.sauceDemo.testCases.TC004_FailedLoginScreenshotTest#testLockedOutUserLoginForScreenshot</h3><table class="result"><tr><th>Exception</th></tr><tr><td><div class="stacktrace">java.lang.AssertionError: Error message for locked out user is incorrect. expected [Epic sadface: Intentional wrong message for screenshot] but found [Epic sadface: Sorry, this user has been locked out.]
	at com.sauceDemo.testCases.TC004_FailedLoginScreenshotTest.testLockedOutUserLoginForScreenshot(TC004_FailedLoginScreenshotTest.java:38)
	at java.base/java.util.ArrayList.forEach(ArrayList.java:1541)
	at com.intellij.rt.testng.IDEARemoteTestNG.run(IDEARemoteTestNG.java:65)
	at com.intellij.rt.testng.RemoteTestNGStarter.main(RemoteTestNGStarter.java:105)
... Removed 29 stack frames</div></td></tr></table><p class="totop"><a href="#summary">back to summary</a></p>
<h3 id="m7">com.sauceDemo.testCases.TC005_RetryAnalyzerTest#testFlakyLoginAttempt</h3><table class="result"><tr><th>Exception</th></tr><tr><td><div class="stacktrace">java.lang.AssertionError: Simulating a transient failure. This test should be retried!
	at com.sauceDemo.testCases.TC005_RetryAnalyzerTest.testFlakyLoginAttempt(TC005_RetryAnalyzerTest.java:44)
	at java.base/java.util.ArrayList.forEach(ArrayList.java:1541)
	at com.intellij.rt.testng.IDEARemoteTestNG.run(IDEARemoteTestNG.java:65)
	at com.intellij.rt.testng.RemoteTestNGStarter.main(RemoteTestNGStarter.java:105)
... Removed 25 stack frames</div></td></tr></table><p class="totop"><a href="#summary">back to summary</a></p>
<h3 id="m8">com.sauceDemo.testCases.TC008_PurchaseFlowJson#verifyPurchaseFlowWithDynamicData</h3><table class="result"><tr class="param"><th>Parameter #1</th><th>Parameter #2</th></tr><tr class="param stripe"><td>Error Scenario - No Products Selected</td><td>PurchaseScenario{scenarioName=&apos;Error Scenario - No Products Selected&apos;, productsToAdd=[], checkoutDetails=CheckoutDetails{firstName=&apos;Empty&apos;, lastName=&apos;Cart&apos;, zipCode=&apos;10000&apos;}, expectedItemTotal=&apos;null&apos;, expectedTax=&apos;null&apos;, expectedGrandTotal=&apos;null&apos;, expectedConfirmationMessage=&apos;null&apos;, expectedErrorMessage=&apos;Error: Your cart is empty.&apos;}</td></tr><tr><th colspan="2">Exception</th></tr><tr><td colspan="2"><div class="stacktrace">java.lang.AssertionError: Error message should be displayed. expected [true] but found [false]
	at com.sauceDemo.testCases.TC008_PurchaseFlowJson.verifyPurchaseFlowWithDynamicData(TC008_PurchaseFlowJson.java:138)
	at java.base/java.util.ArrayList.forEach(ArrayList.java:1541)
	at com.intellij.rt.testng.IDEARemoteTestNG.run(IDEARemoteTestNG.java:65)
	at com.intellij.rt.testng.RemoteTestNGStarter.main(RemoteTestNGStarter.java:105)
... Removed 27 stack frames</div></td></tr></table><p class="totop"><a href="#summary">back to summary</a></p>
<h3 id="m9">com.sauceDemo.testCases.TC011_CustomExceptionDemoTest#demonstrateCustomExceptions</h3><table class="result"><tr><th>Exception</th></tr><tr><td><div class="stacktrace">com.sauceDemo.exceptions.ElementNotFoundException: Failed to find expected element with ID &apos;nonExistentElementID123&apos; on the Products Page. This element is critical for the test flow.
	at com.sauceDemo.testCases.TC011_CustomExceptionDemoTest.demonstrateCustomExceptions(TC011_CustomExceptionDemoTest.java:54)
	at java.base/java.util.ArrayList.forEach(ArrayList.java:1541)
	at com.intellij.rt.testng.IDEARemoteTestNG.run(IDEARemoteTestNG.java:65)
	at com.intellij.rt.testng.RemoteTestNGStarter.main(RemoteTestNGStarter.java:105)
Caused by: org.openqa.selenium.NoSuchElementException: no such element: Unable to locate element: {&quot;method&quot;:&quot;css selector&quot;,&quot;selector&quot;:&quot;#nonExistentElementID123&quot;}
  (Session info: chrome=140.0.7339.208)
For documentation on this error, please visit: https://www.selenium.dev/documentation/webdriver/troubleshooting/errors#no-such-element-exception
Build info: version: &apos;4.15.0&apos;, revision: &apos;1d14b5521b&apos;
System info: os.name: &apos;Windows 10&apos;, os.arch: &apos;amd64&apos;, os.version: &apos;10.0&apos;, java.version: &apos;11.0.13&apos;
Driver info: org.openqa.selenium.chrome.ChromeDriver
Command: [6b5c8e5bfe3d0a06375cfa5f8de2c103, findElement {using=id, value=nonExistentElementID123}]
Capabilities {acceptInsecureCerts: false, browserName: chrome, browserVersion: 140.0.7339.208, chrome: {chromedriverVersion: 140.0.7339.207 (17230b545fd..., userDataDir: C:\Users\anant\AppData\Loca...}, fedcm:accounts: true, goog:chromeOptions: {debuggerAddress: localhost:60661}, networkConnectionEnabled: false, pageLoadStrategy: normal, platformName: windows, proxy: Proxy(), se:cdp: ws://localhost:60661/devtoo..., se:cdpVersion: 140.0.7339.208, setWindowRect: true, strictFileInteractability: false, timeouts: {implicit: 0, pageLoad: 300000, script: 30000}, unhandledPromptBehavior: dismiss and notify, webauthn:extension:credBlob: true, webauthn:extension:largeBlob: true, webauthn:extension:minPinLength: true, webauthn:extension:prf: true, webauthn:virtualAuthenticators: true}
Session ID: 6b5c8e5bfe3d0a06375cfa5f8de2c103
	at org.openqa.selenium.remote.codec.w3c.W3CHttpResponseCodec.createException(W3CHttpResponseCodec.java:200)
	at org.openqa.selenium.remote.codec.w3c.W3CHttpResponseCodec.decode(W3CHttpResponseCodec.java:133)
	at org.openqa.selenium.remote.codec.w3c.W3CHttpResponseCodec.decode(W3CHttpResponseCodec.java:52)
	at org.openqa.selenium.remote.HttpCommandExecutor.execute(HttpCommandExecutor.java:191)
	at org.openqa.selenium.remote.service.DriverCommandExecutor.invokeExecute(DriverCommandExecutor.java:200)
	at org.openqa.selenium.remote.service.DriverCommandExecutor.execute(DriverCommandExecutor.java:175)
	at org.openqa.selenium.remote.RemoteWebDriver.execute(RemoteWebDriver.java:607)
	at org.openqa.selenium.remote.ElementLocation$ElementFinder$2.findElement(ElementLocation.java:165)
	at org.openqa.selenium.remote.ElementLocation.findElement(ElementLocation.java:59)
	at org.openqa.selenium.remote.RemoteWebDriver.findElement(RemoteWebDriver.java:364)
	at org.openqa.selenium.remote.RemoteWebDriver.findElement(RemoteWebDriver.java:358)
	at com.sauceDemo.testCases.TC011_CustomExceptionDemoTest.demonstrateCustomExceptions(TC011_CustomExceptionDemoTest.java:48)
	... 27 more
... Removed 27 stack frames</div></td></tr></table><p class="totop"><a href="#summary">back to summary</a></p>
<h3 id="m10">com.sauceDemo.testCases.TC001_LoginTest#testLoginPerformanceGlitchUser</h3><table class="result"><tr><th class="invisible"/></tr></table><p class="totop"><a href="#summary">back to summary</a></p>
<h3 id="m11">com.sauceDemo.testCases.TC001_LoginTest#testLoginProblemUser</h3><table class="result"><tr><th class="invisible"/></tr></table><p class="totop"><a href="#summary">back to summary</a></p>
<h3 id="m12">com.sauceDemo.testCases.TC001_LoginTest#testSuccessfulLoginUser</h3><table class="result"><tr><th class="invisible"/></tr></table><p class="totop"><a href="#summary">back to summary</a></p>
<h3 id="m13">com.sauceDemo.testCases.TC002_ProductTest#testAddMultipleProductsToCart</h3><table class="result"><tr><th class="invisible"/></tr></table><p class="totop"><a href="#summary">back to summary</a></p>
<h3 id="m14">com.sauceDemo.testCases.TC002_ProductTest#testAddSingleProductToCart</h3><table class="result"><tr><th class="invisible"/></tr></table><p class="totop"><a href="#summary">back to summary</a></p>
<h3 id="m15">com.sauceDemo.testCases.TC003_CheckoutTest#testCancelCheckoutFromInformationPage</h3><table class="result"><tr><th class="invisible"/></tr></table><p class="totop"><a href="#summary">back to summary</a></p>
<h3 id="m16">com.sauceDemo.testCases.TC003_CheckoutTest#testSuccessfulProductCheckout</h3><table class="result"><tr><th class="invisible"/></tr></table><p class="totop"><a href="#summary">back to summary</a></p>
<h3 id="m17">com.sauceDemo.testCases.TC006_LoginDDTTest#testLoginDataDrivenTest</h3><table class="result"><tr class="param"><th>Parameter #1</th><th>Parameter #2</th><th>Parameter #3</th></tr><tr class="param stripe"><td>locked_out_user</td><td>secret_sauce</td><td>Failure</td></tr></table><p class="totop"><a href="#summary">back to summary</a></p>
<h3 id="m18">com.sauceDemo.testCases.TC006_LoginDDTTest#testLoginDataDrivenTest</h3><table class="result"><tr class="param"><th>Parameter #1</th><th>Parameter #2</th><th>Parameter #3</th></tr><tr class="param stripe"><td>standard_user</td><td>secret_sauce</td><td>Success</td></tr></table><p class="totop"><a href="#summary">back to summary</a></p>
<h3 id="m19">com.sauceDemo.testCases.TC006_LoginDDTTest#testLoginDataDrivenTest</h3><table class="result"><tr class="param"><th>Parameter #1</th><th>Parameter #2</th><th>Parameter #3</th></tr><tr class="param stripe"><td>problem_user</td><td>secret_sauce</td><td>Success</td></tr></table><p class="totop"><a href="#summary">back to summary</a></p>
<h3 id="m20">com.sauceDemo.testCases.TC006_LoginDDTTest#testLoginDataDrivenTest</h3><table class="result"><tr class="param"><th>Parameter #1</th><th>Parameter #2</th><th>Parameter #3</th></tr><tr class="param stripe"><td>performance_glitch_user</td><td>secret_sauce</td><td>Success</td></tr></table><p class="totop"><a href="#summary">back to summary</a></p>
<h3 id="m21">com.sauceDemo.testCases.TC006_LoginDDTTest#testLoginDataDrivenTest</h3><table class="result"><tr class="param"><th>Parameter #1</th><th>Parameter #2</th><th>Parameter #3</th></tr><tr class="param stripe"><td>invalid_user</td><td>wrong_password</td><td>Failure</td></tr></table><p class="totop"><a href="#summary">back to summary</a></p>
<h3 id="m22">com.sauceDemo.testCases.TC007_DashboardMenuTest#verifyHamburgerMenuItems</h3><table class="result"><tr><th class="invisible"/></tr></table><p class="totop"><a href="#summary">back to summary</a></p>
<h3 id="m23">com.sauceDemo.testCases.TC008_PurchaseFlowJson#verifyPurchaseFlowWithDynamicData</h3><table class="result"><tr class="param"><th>Parameter #1</th><th>Parameter #2</th></tr><tr class="param stripe"><td>Single Item Purchase - Bolt T-Shirt</td><td>PurchaseScenario{scenarioName=&apos;Single Item Purchase - Bolt T-Shirt&apos;, productsToAdd=[Sauce Labs Bolt T-Shirt], checkoutDetails=CheckoutDetails{firstName=&apos;Jane&apos;, lastName=&apos;Smith&apos;, zipCode=&apos;67890&apos;}, expectedItemTotal=&apos;15.99&apos;, expectedTax=&apos;1.28&apos;, expectedGrandTotal=&apos;17.27&apos;, expectedConfirmationMessage=&apos;Thank you for your order!&apos;, expectedErrorMessage=&apos;null&apos;}</td></tr></table><p class="totop"><a href="#summary">back to summary</a></p>
<h3 id="m24">com.sauceDemo.testCases.TC008_PurchaseFlowJson#verifyPurchaseFlowWithDynamicData</h3><table class="result"><tr class="param"><th>Parameter #1</th><th>Parameter #2</th></tr><tr class="param stripe"><td>Standard Purchase - BackPack &amp; Bike Light</td><td>PurchaseScenario{scenarioName=&apos;Standard Purchase - BackPack &amp; Bike Light&apos;, productsToAdd=[Sauce Labs Backpack, Sauce Labs Bike Light], checkoutDetails=CheckoutDetails{firstName=&apos;John&apos;, lastName=&apos;Doe&apos;, zipCode=&apos;12345&apos;}, expectedItemTotal=&apos;39.98&apos;, expectedTax=&apos;3.20&apos;, expectedGrandTotal=&apos;43.18&apos;, expectedConfirmationMessage=&apos;Thank you for your order!&apos;, expectedErrorMessage=&apos;null&apos;}</td></tr></table><p class="totop"><a href="#summary">back to summary</a></p>
<h3 id="m25">com.sauceDemo.testCases.TC008_PurchaseFlowJson#verifyPurchaseFlowWithDynamicData</h3><table class="result"><tr class="param"><th>Parameter #1</th><th>Parameter #2</th></tr><tr class="param stripe"><td>Error Scenario - Empty Zip Code</td><td>PurchaseScenario{scenarioName=&apos;Error Scenario - Empty Zip Code&apos;, productsToAdd=[Sauce Labs Backpack], checkoutDetails=CheckoutDetails{firstName=&apos;Error&apos;, lastName=&apos;User&apos;, zipCode=&apos;&apos;}, expectedItemTotal=&apos;null&apos;, expectedTax=&apos;null&apos;, expectedGrandTotal=&apos;null&apos;, expectedConfirmationMessage=&apos;null&apos;, expectedErrorMessage=&apos;Error: Postal Code is required&apos;}</td></tr></table><p class="totop"><a href="#summary">back to summary</a></p>
<h3 id="m26">com.sauceDemo.testCases.TC009_DynamicCheckoutInfoTest#verifyPurchaseFlowWithFakerData</h3><table class="result"><tr><th class="invisible"/></tr></table><p class="totop"><a href="#summary">back to summary</a></p>
<h3 id="m27">com.sauceDemo.testCases.TC010_BuilderPatternCheckoutTest#tc010_verifyPurchaseFlowWithBuilderData</h3><table class="result"><tr><th class="invisible"/></tr></table><p class="totop"><a href="#summary">back to summary</a></p>
<h3 id="m28">com.sauceDemo.testCases.TC012_WebDriverUtilsDemoTest#demonstrateWebDriverUtils</h3><table class="result"><tr><th class="invisible"/></tr></table><p class="totop"><a href="#summary">back to summary</a></p>
<h3 id="m29">com.sauceDemo.testCases.TC013_HyundaiWarrantyWindowHandling#testHyundaiWarrantyLinkWindowHandling</h3><table class="result"><tr><th class="invisible"/></tr></table><p class="totop"><a href="#summary">back to summary</a></p>
<h3 id="m30">com.sauceDemo.testCases.TC014_EnhancedLoginTest#testEnhancedLogin</h3><table class="result"><tr><th class="invisible"/></tr></table><p class="totop"><a href="#summary">back to summary</a></p>
</body>
</html>
