<!DOCTYPE html>

<html>
  <head>
  <meta charset='utf-8'>
  <title>TestNG reports</title>

    <link type="text/css" href="testng-reports1.css" rel="stylesheet" id="ultra" />
    <link type="text/css" href="testng-reports.css" rel="stylesheet" id="retro" disabled="false"/>
    <script type="text/javascript" src="jquery-3.6.0.min.js"></script>
    <script type="text/javascript" src="testng-reports.js"></script>
    <script type="text/javascript" src="https://www.google.com/jsapi"></script>
    <script type='text/javascript'>
      google.load('visualization', '1', {packages:['table']});
      google.setOnLoadCallback(drawTable);
      var suiteTableInitFunctions = new Array();
      var suiteTableData = new Array();
    </script>
    <!--
      <script type="text/javascript" src="jquery-ui/js/jquery-ui-1.8.16.custom.min.js"></script>
     -->
  </head>

  <body>    <div class="top-banner-root">
      <span class="top-banner-title-font">Test results</span>
      <button id="button" class="button">Switch Retro Theme</button> <!-- button -->
      <br/>
      <span class="top-banner-font-1">1 suite, 5 failed tests</span>
    </div> <!-- top-banner-root -->
    <div class="navigator-root">
      <div class="navigator-suite-header">
        <span>All suites</span>
        <a href="#" title="Collapse/expand all the suites" class="collapse-all-link">
          <img src="collapseall.gif" class="collapse-all-icon">
          </img> <!-- collapse-all-icon -->
        </a> <!-- collapse-all-link -->
      </div> <!-- navigator-suite-header -->
      <div class="suite">
        <div class="rounded-window">
          <div class="suite-header light-rounded-window-top">
            <a href="#" panel-name="suite-SauceDemo_Automation_Suite" class="navigator-link">
              <span class="suite-name border-failed">SauceDemo Automation Suite</span>
            </a> <!-- navigator-link -->
          </div> <!-- suite-header light-rounded-window-top -->
          <div class="navigator-suite-content">
            <div class="suite-section-title">
              <span>Info</span>
            </div> <!-- suite-section-title -->
            <div class="suite-section-content">
              <ul>
                <li>
                  <a href="#" panel-name="test-xml-SauceDemo_Automation_Suite" class="navigator-link ">
                    <span>D:\SoftwareTesting\Workspaces\NewProjects\AutomationFramework_Java_Selenium\testng.xml</span>
                  </a> <!-- navigator-link  -->
                </li>
                <li>
                  <a href="#" panel-name="testlist-SauceDemo_Automation_Suite" class="navigator-link ">
                    <span class="test-stats">1 test</span>
                  </a> <!-- navigator-link  -->
                </li>
                <li>
                  <a href="#" panel-name="group-SauceDemo_Automation_Suite" class="navigator-link ">
                    <span>0 groups</span>
                  </a> <!-- navigator-link  -->
                </li>
                <li>
                  <a href="#" panel-name="times-SauceDemo_Automation_Suite" class="navigator-link ">
                    <span>Times</span>
                  </a> <!-- navigator-link  -->
                </li>
                <li>
                  <a href="#" panel-name="reporter-SauceDemo_Automation_Suite" class="navigator-link ">
                    <span>Reporter output</span>
                  </a> <!-- navigator-link  -->
                </li>
                <li>
                  <a href="#" panel-name="ignored-methods-SauceDemo_Automation_Suite" class="navigator-link ">
                    <span>Ignored methods</span>
                  </a> <!-- navigator-link  -->
                </li>
                <li>
                  <a href="#" panel-name="chronological-SauceDemo_Automation_Suite" class="navigator-link ">
                    <span>Chronological view</span>
                  </a> <!-- navigator-link  -->
                </li>
              </ul>
            </div> <!-- suite-section-content -->
            <div class="result-section">
              <div class="suite-section-title">
                <span>Results</span>
              </div> <!-- suite-section-title -->
              <div class="suite-section-content">
                <ul>
                  <li>
                    <span class="method-stats">31 methods, 5 failed,  5 skipped,  21 passed</span>
                  </li>
                  <li>
                    <span class="method-list-title failed">Failed methods</span>
                    <span class="show-or-hide-methods failed">
                      <a href="#" panel-name="suite-SauceDemo_Automation_Suite" class="hide-methods failed suite-SauceDemo_Automation_Suite"> (hide)</a> <!-- hide-methods failed suite-SauceDemo_Automation_Suite -->
                      <a href="#" panel-name="suite-SauceDemo_Automation_Suite" class="show-methods failed suite-SauceDemo_Automation_Suite"> (show)</a> <!-- show-methods failed suite-SauceDemo_Automation_Suite -->
                    </span>
                    <div class="method-list-content failed suite-SauceDemo_Automation_Suite">
                      <span>
                        <img src="failed.png" width="3%"/>
                        <a href="#" panel-name="suite-SauceDemo_Automation_Suite" title="com.sauceDemo.testCases.TC011_CustomExceptionDemoTest" class="method navigator-link" hash-for-method="demonstrateCustomExceptions">demonstrateCustomExceptions</a> <!-- method navigator-link -->
                      </span>
                      <br/>
                      <span>
                        <img src="failed.png" width="3%"/>
                        <a href="#" panel-name="suite-SauceDemo_Automation_Suite" title="com.sauceDemo.testCases.TC005_RetryAnalyzerTest" class="method navigator-link" hash-for-method="testFlakyLoginAttempt">testFlakyLoginAttempt</a> <!-- method navigator-link -->
                      </span>
                      <br/>
                      <span>
                        <img src="failed.png" width="3%"/>
                        <a href="#" panel-name="suite-SauceDemo_Automation_Suite" title="com.sauceDemo.testCases.TC004_FailedLoginScreenshotTest" class="method navigator-link" hash-for-method="testInvalidLoginForScreenshot">testInvalidLoginForScreenshot</a> <!-- method navigator-link -->
                      </span>
                      <br/>
                      <span>
                        <img src="failed.png" width="3%"/>
                        <a href="#" panel-name="suite-SauceDemo_Automation_Suite" title="com.sauceDemo.testCases.TC004_FailedLoginScreenshotTest" class="method navigator-link" hash-for-method="testLockedOutUserLoginForScreenshot">testLockedOutUserLoginForScreenshot</a> <!-- method navigator-link -->
                      </span>
                      <br/>
                      <span>
                        <img src="failed.png" width="3%"/>
                        <a href="#" panel-name="suite-SauceDemo_Automation_Suite" title="com.sauceDemo.testCases.TC008_PurchaseFlowJson" class="method navigator-link" hash-for-method="verifyPurchaseFlowWithDynamicData(Error Scenario - No Products Selected, PurchaseScenario{scenarioName=&#039;Error Scenario - No Products S...)">verifyPurchaseFlowWithDynamicData(Error Scenario - No Products Selected, PurchaseScenario{scenarioName='Error Scenario - No Products S...)</a> <!-- method navigator-link -->
                      </span>
                      <br/>
                    </div> <!-- method-list-content failed suite-SauceDemo_Automation_Suite -->
                  </li>
                  <li>
                    <span class="method-list-title skipped">Retried methods</span>
                    <span class="show-or-hide-methods skipped">
                      <a href="#" panel-name="suite-SauceDemo_Automation_Suite" class="hide-methods skipped suite-SauceDemo_Automation_Suite"> (hide)</a> <!-- hide-methods skipped suite-SauceDemo_Automation_Suite -->
                      <a href="#" panel-name="suite-SauceDemo_Automation_Suite" class="show-methods skipped suite-SauceDemo_Automation_Suite"> (show)</a> <!-- show-methods skipped suite-SauceDemo_Automation_Suite -->
                    </span>
                    <div class="method-list-content skipped suite-SauceDemo_Automation_Suite">
                      <span>
                        <img src="skipped.png" width="3%"/>
                        <a href="#" panel-name="suite-SauceDemo_Automation_Suite" title="com.sauceDemo.testCases.TC011_CustomExceptionDemoTest" class="method navigator-link" hash-for-method="demonstrateCustomExceptions">demonstrateCustomExceptions</a> <!-- method navigator-link -->
                      </span>
                      <br/>
                      <span>
                        <img src="skipped.png" width="3%"/>
                        <a href="#" panel-name="suite-SauceDemo_Automation_Suite" title="com.sauceDemo.testCases.TC005_RetryAnalyzerTest" class="method navigator-link" hash-for-method="testFlakyLoginAttempt">testFlakyLoginAttempt</a> <!-- method navigator-link -->
                      </span>
                      <br/>
                      <span>
                        <img src="skipped.png" width="3%"/>
                        <a href="#" panel-name="suite-SauceDemo_Automation_Suite" title="com.sauceDemo.testCases.TC004_FailedLoginScreenshotTest" class="method navigator-link" hash-for-method="testInvalidLoginForScreenshot">testInvalidLoginForScreenshot</a> <!-- method navigator-link -->
                      </span>
                      <br/>
                      <span>
                        <img src="skipped.png" width="3%"/>
                        <a href="#" panel-name="suite-SauceDemo_Automation_Suite" title="com.sauceDemo.testCases.TC004_FailedLoginScreenshotTest" class="method navigator-link" hash-for-method="testLockedOutUserLoginForScreenshot">testLockedOutUserLoginForScreenshot</a> <!-- method navigator-link -->
                      </span>
                      <br/>
                      <span>
                        <img src="skipped.png" width="3%"/>
                        <a href="#" panel-name="suite-SauceDemo_Automation_Suite" title="com.sauceDemo.testCases.TC008_PurchaseFlowJson" class="method navigator-link" hash-for-method="verifyPurchaseFlowWithDynamicData(Error Scenario - No Products Selected, PurchaseScenario{scenarioName=&#039;Error Scenario - No Products S...)">verifyPurchaseFlowWithDynamicData(Error Scenario - No Products Selected, PurchaseScenario{scenarioName='Error Scenario - No Products S...)</a> <!-- method navigator-link -->
                      </span>
                      <br/>
                    </div> <!-- method-list-content skipped suite-SauceDemo_Automation_Suite -->
                  </li>
                  <li>
                    <span class="method-list-title passed">Passed methods</span>
                    <span class="show-or-hide-methods passed">
                      <a href="#" panel-name="suite-SauceDemo_Automation_Suite" class="hide-methods passed suite-SauceDemo_Automation_Suite"> (hide)</a> <!-- hide-methods passed suite-SauceDemo_Automation_Suite -->
                      <a href="#" panel-name="suite-SauceDemo_Automation_Suite" class="show-methods passed suite-SauceDemo_Automation_Suite"> (show)</a> <!-- show-methods passed suite-SauceDemo_Automation_Suite -->
                    </span>
                    <div class="method-list-content passed suite-SauceDemo_Automation_Suite">
                      <span>
                        <img src="passed.png" width="3%"/>
                        <a href="#" panel-name="suite-SauceDemo_Automation_Suite" title="com.sauceDemo.testCases.TC012_WebDriverUtilsDemoTest" class="method navigator-link" hash-for-method="demonstrateWebDriverUtils">demonstrateWebDriverUtils</a> <!-- method navigator-link -->
                      </span>
                      <br/>
                      <span>
                        <img src="passed.png" width="3%"/>
                        <a href="#" panel-name="suite-SauceDemo_Automation_Suite" title="com.sauceDemo.testCases.TC010_BuilderPatternCheckoutTest" class="method navigator-link" hash-for-method="tc010_verifyPurchaseFlowWithBuilderData">tc010_verifyPurchaseFlowWithBuilderData</a> <!-- method navigator-link -->
                      </span>
                      <br/>
                      <span>
                        <img src="passed.png" width="3%"/>
                        <a href="#" panel-name="suite-SauceDemo_Automation_Suite" title="com.sauceDemo.testCases.TC002_ProductTest" class="method navigator-link" hash-for-method="testAddMultipleProductsToCart">testAddMultipleProductsToCart</a> <!-- method navigator-link -->
                      </span>
                      <br/>
                      <span>
                        <img src="passed.png" width="3%"/>
                        <a href="#" panel-name="suite-SauceDemo_Automation_Suite" title="com.sauceDemo.testCases.TC002_ProductTest" class="method navigator-link" hash-for-method="testAddSingleProductToCart">testAddSingleProductToCart</a> <!-- method navigator-link -->
                      </span>
                      <br/>
                      <span>
                        <img src="passed.png" width="3%"/>
                        <a href="#" panel-name="suite-SauceDemo_Automation_Suite" title="com.sauceDemo.testCases.TC003_CheckoutTest" class="method navigator-link" hash-for-method="testCancelCheckoutFromInformationPage">testCancelCheckoutFromInformationPage</a> <!-- method navigator-link -->
                      </span>
                      <br/>
                      <span>
                        <img src="passed.png" width="3%"/>
                        <a href="#" panel-name="suite-SauceDemo_Automation_Suite" title="com.sauceDemo.testCases.TC014_EnhancedLoginTest" class="method navigator-link" hash-for-method="testEnhancedLogin">testEnhancedLogin</a> <!-- method navigator-link -->
                      </span>
                      <br/>
                      <span>
                        <img src="passed.png" width="3%"/>
                        <a href="#" panel-name="suite-SauceDemo_Automation_Suite" title="com.sauceDemo.testCases.TC013_HyundaiWarrantyWindowHandling" class="method navigator-link" hash-for-method="testHyundaiWarrantyLinkWindowHandling">testHyundaiWarrantyLinkWindowHandling</a> <!-- method navigator-link -->
                      </span>
                      <br/>
                      <span>
                        <img src="passed.png" width="3%"/>
                        <a href="#" panel-name="suite-SauceDemo_Automation_Suite" title="com.sauceDemo.testCases.TC006_LoginDDTTest" class="method navigator-link" hash-for-method="testLoginDataDrivenTest(locked_out_user, secret_sauce, Failure)">testLoginDataDrivenTest(locked_out_user, secret_sauce, Failure)</a> <!-- method navigator-link -->
                      </span>
                      <br/>
                      <span>
                        <img src="passed.png" width="3%"/>
                        <a href="#" panel-name="suite-SauceDemo_Automation_Suite" title="com.sauceDemo.testCases.TC006_LoginDDTTest" class="method navigator-link" hash-for-method="testLoginDataDrivenTest(standard_user, secret_sauce, Success)">testLoginDataDrivenTest(standard_user, secret_sauce, Success)</a> <!-- method navigator-link -->
                      </span>
                      <br/>
                      <span>
                        <img src="passed.png" width="3%"/>
                        <a href="#" panel-name="suite-SauceDemo_Automation_Suite" title="com.sauceDemo.testCases.TC006_LoginDDTTest" class="method navigator-link" hash-for-method="testLoginDataDrivenTest(problem_user, secret_sauce, Success)">testLoginDataDrivenTest(problem_user, secret_sauce, Success)</a> <!-- method navigator-link -->
                      </span>
                      <br/>
                      <span>
                        <img src="passed.png" width="3%"/>
                        <a href="#" panel-name="suite-SauceDemo_Automation_Suite" title="com.sauceDemo.testCases.TC006_LoginDDTTest" class="method navigator-link" hash-for-method="testLoginDataDrivenTest(performance_glitch_user, secret_sauce, Success)">testLoginDataDrivenTest(performance_glitch_user, secret_sauce, Success)</a> <!-- method navigator-link -->
                      </span>
                      <br/>
                      <span>
                        <img src="passed.png" width="3%"/>
                        <a href="#" panel-name="suite-SauceDemo_Automation_Suite" title="com.sauceDemo.testCases.TC006_LoginDDTTest" class="method navigator-link" hash-for-method="testLoginDataDrivenTest(invalid_user, wrong_password, Failure)">testLoginDataDrivenTest(invalid_user, wrong_password, Failure)</a> <!-- method navigator-link -->
                      </span>
                      <br/>
                      <span>
                        <img src="passed.png" width="3%"/>
                        <a href="#" panel-name="suite-SauceDemo_Automation_Suite" title="com.sauceDemo.testCases.TC001_LoginTest" class="method navigator-link" hash-for-method="testLoginPerformanceGlitchUser">testLoginPerformanceGlitchUser</a> <!-- method navigator-link -->
                      </span>
                      <br/>
                      <span>
                        <img src="passed.png" width="3%"/>
                        <a href="#" panel-name="suite-SauceDemo_Automation_Suite" title="com.sauceDemo.testCases.TC001_LoginTest" class="method navigator-link" hash-for-method="testLoginProblemUser">testLoginProblemUser</a> <!-- method navigator-link -->
                      </span>
                      <br/>
                      <span>
                        <img src="passed.png" width="3%"/>
                        <a href="#" panel-name="suite-SauceDemo_Automation_Suite" title="com.sauceDemo.testCases.TC001_LoginTest" class="method navigator-link" hash-for-method="testSuccessfulLoginUser">testSuccessfulLoginUser</a> <!-- method navigator-link -->
                      </span>
                      <br/>
                      <span>
                        <img src="passed.png" width="3%"/>
                        <a href="#" panel-name="suite-SauceDemo_Automation_Suite" title="com.sauceDemo.testCases.TC003_CheckoutTest" class="method navigator-link" hash-for-method="testSuccessfulProductCheckout">testSuccessfulProductCheckout</a> <!-- method navigator-link -->
                      </span>
                      <br/>
                      <span>
                        <img src="passed.png" width="3%"/>
                        <a href="#" panel-name="suite-SauceDemo_Automation_Suite" title="com.sauceDemo.testCases.TC007_DashboardMenuTest" class="method navigator-link" hash-for-method="verifyHamburgerMenuItems">verifyHamburgerMenuItems</a> <!-- method navigator-link -->
                      </span>
                      <br/>
                      <span>
                        <img src="passed.png" width="3%"/>
                        <a href="#" panel-name="suite-SauceDemo_Automation_Suite" title="com.sauceDemo.testCases.TC008_PurchaseFlowJson" class="method navigator-link" hash-for-method="verifyPurchaseFlowWithDynamicData(Single Item Purchase - Bolt T-Shirt, PurchaseScenario{scenarioName=&#039;Single Item Purchase - Bolt T-Sh...)">verifyPurchaseFlowWithDynamicData(Single Item Purchase - Bolt T-Shirt, PurchaseScenario{scenarioName='Single Item Purchase - Bolt T-Sh...)</a> <!-- method navigator-link -->
                      </span>
                      <br/>
                      <span>
                        <img src="passed.png" width="3%"/>
                        <a href="#" panel-name="suite-SauceDemo_Automation_Suite" title="com.sauceDemo.testCases.TC008_PurchaseFlowJson" class="method navigator-link" hash-for-method="verifyPurchaseFlowWithDynamicData(Standard Purchase - BackPack &amp; Bike Light, PurchaseScenario{scenarioName=&#039;Standard Purchase - BackPa...)">verifyPurchaseFlowWithDynamicData(Standard Purchase - BackPack & Bike Light, PurchaseScenario{scenarioName='Standard Purchase - BackPa...)</a> <!-- method navigator-link -->
                      </span>
                      <br/>
                      <span>
                        <img src="passed.png" width="3%"/>
                        <a href="#" panel-name="suite-SauceDemo_Automation_Suite" title="com.sauceDemo.testCases.TC008_PurchaseFlowJson" class="method navigator-link" hash-for-method="verifyPurchaseFlowWithDynamicData(Error Scenario - Empty Zip Code, PurchaseScenario{scenarioName=&#039;Error Scenario - Empty Zip Code&#039;, pr...)">verifyPurchaseFlowWithDynamicData(Error Scenario - Empty Zip Code, PurchaseScenario{scenarioName='Error Scenario - Empty Zip Code', pr...)</a> <!-- method navigator-link -->
                      </span>
                      <br/>
                      <span>
                        <img src="passed.png" width="3%"/>
                        <a href="#" panel-name="suite-SauceDemo_Automation_Suite" title="com.sauceDemo.testCases.TC009_DynamicCheckoutInfoTest" class="method navigator-link" hash-for-method="verifyPurchaseFlowWithFakerData">verifyPurchaseFlowWithFakerData</a> <!-- method navigator-link -->
                      </span>
                      <br/>
                    </div> <!-- method-list-content passed suite-SauceDemo_Automation_Suite -->
                  </li>
                </ul>
              </div> <!-- suite-section-content -->
            </div> <!-- result-section -->
          </div> <!-- navigator-suite-content -->
        </div> <!-- rounded-window -->
      </div> <!-- suite -->
    </div> <!-- navigator-root -->
    <div class="wrapper">
      <div class="main-panel-root">
        <div panel-name="suite-SauceDemo_Automation_Suite" class="panel SauceDemo_Automation_Suite">
          <div class="suite-SauceDemo_Automation_Suite-class-failed">
            <div class="main-panel-header rounded-window-top">
              <img src="failed.png"/>
              <span class="class-name">com.sauceDemo.testCases.TC008_PurchaseFlowJson</span>
            </div> <!-- main-panel-header rounded-window-top -->
            <div class="main-panel-content rounded-window-bottom">
              <div class="method">
                <div class="method-content">
                  <a name="verifyPurchaseFlowWithDynamicData(Error Scenario - No Products Selected, PurchaseScenario{scenarioName=&#039;Error Scenario - No Products S...)">
                  </a> <!-- verifyPurchaseFlowWithDynamicData(Error Scenario - No Products Selected, PurchaseScenario{scenarioName='Error Scenario - No Products S...) -->
                  <span class="method-name">verifyPurchaseFlowWithDynamicData</span>
                  <span class="parameters">(Error Scenario - No Products Selected,PurchaseScenario{scenarioName='Error Scenario - No Products Selected', productsToAdd=[], checkoutDetails=CheckoutDetails{firstName='Empty', lastName='Cart', zipCode='10000'}, expectedItemTotal='null', expectedTax='null', expectedGrandTotal='null', expectedConfirmationMessage='null', expectedErrorMessage='Error: Your cart is empty.'})</span>
                  <div class="stack-trace">java.lang.AssertionError: Error message should be displayed. expected [true] but found [false]
	at com.sauceDemo.testCases.TC008_PurchaseFlowJson.verifyPurchaseFlowWithDynamicData(TC008_PurchaseFlowJson.java:138)
	at java.base/java.util.ArrayList.forEach(ArrayList.java:1541)
	at com.intellij.rt.testng.IDEARemoteTestNG.run(IDEARemoteTestNG.java:65)
	at com.intellij.rt.testng.RemoteTestNGStarter.main(RemoteTestNGStarter.java:105)
... Removed 27 stack frames
</div> <!-- stack-trace -->
                  <em>
(Verify end-to-end purchase flow with dynamic product and checkout data.)                  </em>
                </div> <!-- method-content -->
              </div> <!-- method -->
            </div> <!-- main-panel-content rounded-window-bottom -->
          </div> <!-- suite-SauceDemo_Automation_Suite-class-failed -->
          <div class="suite-SauceDemo_Automation_Suite-class-failed">
            <div class="main-panel-header rounded-window-top">
              <img src="failed.png"/>
              <span class="class-name">com.sauceDemo.testCases.TC011_CustomExceptionDemoTest</span>
            </div> <!-- main-panel-header rounded-window-top -->
            <div class="main-panel-content rounded-window-bottom">
              <div class="method">
                <div class="method-content">
                  <a name="demonstrateCustomExceptions">
                  </a> <!-- demonstrateCustomExceptions -->
                  <span class="method-name">demonstrateCustomExceptions</span>
                  <div class="stack-trace">com.sauceDemo.exceptions.ElementNotFoundException: Failed to find expected element with ID &apos;nonExistentElementID123&apos; on the Products Page. This element is critical for the test flow.
	at com.sauceDemo.testCases.TC011_CustomExceptionDemoTest.demonstrateCustomExceptions(TC011_CustomExceptionDemoTest.java:54)
	at java.base/java.util.ArrayList.forEach(ArrayList.java:1541)
	at com.intellij.rt.testng.IDEARemoteTestNG.run(IDEARemoteTestNG.java:65)
	at com.intellij.rt.testng.RemoteTestNGStarter.main(RemoteTestNGStarter.java:105)
Caused by: org.openqa.selenium.NoSuchElementException: no such element: Unable to locate element: {&quot;method&quot;:&quot;css selector&quot;,&quot;selector&quot;:&quot;#nonExistentElementID123&quot;}
  (Session info: chrome=140.0.7339.208)
For documentation on this error, please visit: https://www.selenium.dev/documentation/webdriver/troubleshooting/errors#no-such-element-exception
Build info: version: &apos;4.15.0&apos;, revision: &apos;1d14b5521b&apos;
System info: os.name: &apos;Windows 10&apos;, os.arch: &apos;amd64&apos;, os.version: &apos;10.0&apos;, java.version: &apos;11.0.13&apos;
Driver info: org.openqa.selenium.chrome.ChromeDriver
Command: [928ea911185205b097667c60a0d3c0ec, findElement {using=id, value=nonExistentElementID123}]
Capabilities {acceptInsecureCerts: false, browserName: chrome, browserVersion: 140.0.7339.208, chrome: {chromedriverVersion: 140.0.7339.207 (17230b545fd..., userDataDir: C:\Users\anant\AppData\Loca...}, fedcm:accounts: true, goog:chromeOptions: {debuggerAddress: localhost:50672}, networkConnectionEnabled: false, pageLoadStrategy: normal, platformName: windows, proxy: Proxy(), se:cdp: ws://localhost:50672/devtoo..., se:cdpVersion: 140.0.7339.208, setWindowRect: true, strictFileInteractability: false, timeouts: {implicit: 0, pageLoad: 300000, script: 30000}, unhandledPromptBehavior: dismiss and notify, webauthn:extension:credBlob: true, webauthn:extension:largeBlob: true, webauthn:extension:minPinLength: true, webauthn:extension:prf: true, webauthn:virtualAuthenticators: true}
Session ID: 928ea911185205b097667c60a0d3c0ec
	at org.openqa.selenium.remote.codec.w3c.W3CHttpResponseCodec.createException(W3CHttpResponseCodec.java:200)
	at org.openqa.selenium.remote.codec.w3c.W3CHttpResponseCodec.decode(W3CHttpResponseCodec.java:133)
	at org.openqa.selenium.remote.codec.w3c.W3CHttpResponseCodec.decode(W3CHttpResponseCodec.java:52)
	at org.openqa.selenium.remote.HttpCommandExecutor.execute(HttpCommandExecutor.java:191)
	at org.openqa.selenium.remote.service.DriverCommandExecutor.invokeExecute(DriverCommandExecutor.java:200)
	at org.openqa.selenium.remote.service.DriverCommandExecutor.execute(DriverCommandExecutor.java:175)
	at org.openqa.selenium.remote.RemoteWebDriver.execute(RemoteWebDriver.java:607)
	at org.openqa.selenium.remote.ElementLocation$ElementFinder$2.findElement(ElementLocation.java:165)
	at org.openqa.selenium.remote.ElementLocation.findElement(ElementLocation.java:59)
	at org.openqa.selenium.remote.RemoteWebDriver.findElement(RemoteWebDriver.java:364)
	at org.openqa.selenium.remote.RemoteWebDriver.findElement(RemoteWebDriver.java:358)
	at com.sauceDemo.testCases.TC011_CustomExceptionDemoTest.demonstrateCustomExceptions(TC011_CustomExceptionDemoTest.java:48)
	... 27 more
... Removed 27 stack frames
</div> <!-- stack-trace -->
                  <em>
(Demonstrate custom exception handling for ElementNotFound and AutomationFlow issues.)                  </em>
                </div> <!-- method-content -->
              </div> <!-- method -->
            </div> <!-- main-panel-content rounded-window-bottom -->
          </div> <!-- suite-SauceDemo_Automation_Suite-class-failed -->
          <div class="suite-SauceDemo_Automation_Suite-class-failed">
            <div class="main-panel-header rounded-window-top">
              <img src="failed.png"/>
              <span class="class-name">com.sauceDemo.testCases.TC004_FailedLoginScreenshotTest</span>
            </div> <!-- main-panel-header rounded-window-top -->
            <div class="main-panel-content rounded-window-bottom">
              <div class="method">
                <div class="method-content">
                  <a name="testInvalidLoginForScreenshot">
                  </a> <!-- testInvalidLoginForScreenshot -->
                  <span class="method-name">testInvalidLoginForScreenshot</span>
                  <div class="stack-trace">java.lang.AssertionError: Error message for invalid login is incorrect. expected [Epic sadface: This is an incorrect error message to force failure] but found [Epic sadface: Username and password do not match any user in this service]
	at com.sauceDemo.testCases.TC004_FailedLoginScreenshotTest.testInvalidLoginForScreenshot(TC004_FailedLoginScreenshotTest.java:23)
	at java.base/java.util.ArrayList.forEach(ArrayList.java:1541)
	at com.intellij.rt.testng.IDEARemoteTestNG.run(IDEARemoteTestNG.java:65)
	at com.intellij.rt.testng.RemoteTestNGStarter.main(RemoteTestNGStarter.java:105)
... Removed 29 stack frames
</div> <!-- stack-trace -->
                  <em>
(Verify that a screenshot is taken on failed login due to incorrect credentials)                  </em>
                </div> <!-- method-content -->
              </div> <!-- method -->
              <div class="method">
                <div class="method-content">
                  <a name="testLockedOutUserLoginForScreenshot">
                  </a> <!-- testLockedOutUserLoginForScreenshot -->
                  <span class="method-name">testLockedOutUserLoginForScreenshot</span>
                  <div class="stack-trace">java.lang.AssertionError: Error message for locked out user is incorrect. expected [Epic sadface: Intentional wrong message for screenshot] but found [Epic sadface: Sorry, this user has been locked out.]
	at com.sauceDemo.testCases.TC004_FailedLoginScreenshotTest.testLockedOutUserLoginForScreenshot(TC004_FailedLoginScreenshotTest.java:38)
	at java.base/java.util.ArrayList.forEach(ArrayList.java:1541)
	at com.intellij.rt.testng.IDEARemoteTestNG.run(IDEARemoteTestNG.java:65)
	at com.intellij.rt.testng.RemoteTestNGStarter.main(RemoteTestNGStarter.java:105)
... Removed 29 stack frames
</div> <!-- stack-trace -->
                  <em>
(Verify that a screenshot is taken when a locked out user tries to login)                  </em>
                </div> <!-- method-content -->
              </div> <!-- method -->
            </div> <!-- main-panel-content rounded-window-bottom -->
          </div> <!-- suite-SauceDemo_Automation_Suite-class-failed -->
          <div class="suite-SauceDemo_Automation_Suite-class-failed">
            <div class="main-panel-header rounded-window-top">
              <img src="failed.png"/>
              <span class="class-name">com.sauceDemo.testCases.TC005_RetryAnalyzerTest</span>
            </div> <!-- main-panel-header rounded-window-top -->
            <div class="main-panel-content rounded-window-bottom">
              <div class="method">
                <div class="method-content">
                  <a name="testFlakyLoginAttempt">
                  </a> <!-- testFlakyLoginAttempt -->
                  <span class="method-name">testFlakyLoginAttempt</span>
                  <div class="stack-trace">java.lang.AssertionError: Simulating a transient failure. This test should be retried!
	at com.sauceDemo.testCases.TC005_RetryAnalyzerTest.testFlakyLoginAttempt(TC005_RetryAnalyzerTest.java:44)
	at java.base/java.util.ArrayList.forEach(ArrayList.java:1541)
	at com.intellij.rt.testng.IDEARemoteTestNG.run(IDEARemoteTestNG.java:65)
	at com.intellij.rt.testng.RemoteTestNGStarter.main(RemoteTestNGStarter.java:105)
... Removed 25 stack frames
</div> <!-- stack-trace -->
                  <em>
(Demonstrates RetryAnalyzer functionality - designed to fail then pass)                  </em>
                </div> <!-- method-content -->
              </div> <!-- method -->
            </div> <!-- main-panel-content rounded-window-bottom -->
          </div> <!-- suite-SauceDemo_Automation_Suite-class-failed -->
          <div class="suite-SauceDemo_Automation_Suite-class-skipped">
            <div class="main-panel-header rounded-window-top">
              <img src="skipped.png"/>
              <span class="class-name">com.sauceDemo.testCases.TC008_PurchaseFlowJson</span>
            </div> <!-- main-panel-header rounded-window-top -->
            <div class="main-panel-content rounded-window-bottom">
              <div class="method">
                <div class="method-content">
                  <a name="verifyPurchaseFlowWithDynamicData(Error Scenario - No Products Selected, PurchaseScenario{scenarioName=&#039;Error Scenario - No Products S...)">
                  </a> <!-- verifyPurchaseFlowWithDynamicData(Error Scenario - No Products Selected, PurchaseScenario{scenarioName='Error Scenario - No Products S...) -->
                  <span class="method-name">verifyPurchaseFlowWithDynamicData</span>
                  <span class="parameters">(Error Scenario - No Products Selected,PurchaseScenario{scenarioName='Error Scenario - No Products Selected', productsToAdd=[], checkoutDetails=CheckoutDetails{firstName='Empty', lastName='Cart', zipCode='10000'}, expectedItemTotal='null', expectedTax='null', expectedGrandTotal='null', expectedConfirmationMessage='null', expectedErrorMessage='Error: Your cart is empty.'})</span>
                  <div class="stack-trace">java.lang.AssertionError: Error message should be displayed. expected [true] but found [false]
	at com.sauceDemo.testCases.TC008_PurchaseFlowJson.verifyPurchaseFlowWithDynamicData(TC008_PurchaseFlowJson.java:138)
	at java.base/java.util.ArrayList.forEach(ArrayList.java:1541)
	at com.intellij.rt.testng.IDEARemoteTestNG.run(IDEARemoteTestNG.java:65)
	at com.intellij.rt.testng.RemoteTestNGStarter.main(RemoteTestNGStarter.java:105)
... Removed 27 stack frames
</div> <!-- stack-trace -->
                  <em>
(Verify end-to-end purchase flow with dynamic product and checkout data.)                  </em>
                </div> <!-- method-content -->
              </div> <!-- method -->
            </div> <!-- main-panel-content rounded-window-bottom -->
          </div> <!-- suite-SauceDemo_Automation_Suite-class-skipped -->
          <div class="suite-SauceDemo_Automation_Suite-class-skipped">
            <div class="main-panel-header rounded-window-top">
              <img src="skipped.png"/>
              <span class="class-name">com.sauceDemo.testCases.TC011_CustomExceptionDemoTest</span>
            </div> <!-- main-panel-header rounded-window-top -->
            <div class="main-panel-content rounded-window-bottom">
              <div class="method">
                <div class="method-content">
                  <a name="demonstrateCustomExceptions">
                  </a> <!-- demonstrateCustomExceptions -->
                  <span class="method-name">demonstrateCustomExceptions</span>
                  <div class="stack-trace">com.sauceDemo.exceptions.ElementNotFoundException: Failed to find expected element with ID &apos;nonExistentElementID123&apos; on the Products Page. This element is critical for the test flow.
	at com.sauceDemo.testCases.TC011_CustomExceptionDemoTest.demonstrateCustomExceptions(TC011_CustomExceptionDemoTest.java:54)
	at java.base/java.util.ArrayList.forEach(ArrayList.java:1541)
	at com.intellij.rt.testng.IDEARemoteTestNG.run(IDEARemoteTestNG.java:65)
	at com.intellij.rt.testng.RemoteTestNGStarter.main(RemoteTestNGStarter.java:105)
Caused by: org.openqa.selenium.NoSuchElementException: no such element: Unable to locate element: {&quot;method&quot;:&quot;css selector&quot;,&quot;selector&quot;:&quot;#nonExistentElementID123&quot;}
  (Session info: chrome=140.0.7339.208)
For documentation on this error, please visit: https://www.selenium.dev/documentation/webdriver/troubleshooting/errors#no-such-element-exception
Build info: version: &apos;4.15.0&apos;, revision: &apos;1d14b5521b&apos;
System info: os.name: &apos;Windows 10&apos;, os.arch: &apos;amd64&apos;, os.version: &apos;10.0&apos;, java.version: &apos;11.0.13&apos;
Driver info: org.openqa.selenium.chrome.ChromeDriver
Command: [6b5c8e5bfe3d0a06375cfa5f8de2c103, findElement {using=id, value=nonExistentElementID123}]
Capabilities {acceptInsecureCerts: false, browserName: chrome, browserVersion: 140.0.7339.208, chrome: {chromedriverVersion: 140.0.7339.207 (17230b545fd..., userDataDir: C:\Users\anant\AppData\Loca...}, fedcm:accounts: true, goog:chromeOptions: {debuggerAddress: localhost:60661}, networkConnectionEnabled: false, pageLoadStrategy: normal, platformName: windows, proxy: Proxy(), se:cdp: ws://localhost:60661/devtoo..., se:cdpVersion: 140.0.7339.208, setWindowRect: true, strictFileInteractability: false, timeouts: {implicit: 0, pageLoad: 300000, script: 30000}, unhandledPromptBehavior: dismiss and notify, webauthn:extension:credBlob: true, webauthn:extension:largeBlob: true, webauthn:extension:minPinLength: true, webauthn:extension:prf: true, webauthn:virtualAuthenticators: true}
Session ID: 6b5c8e5bfe3d0a06375cfa5f8de2c103
	at org.openqa.selenium.remote.codec.w3c.W3CHttpResponseCodec.createException(W3CHttpResponseCodec.java:200)
	at org.openqa.selenium.remote.codec.w3c.W3CHttpResponseCodec.decode(W3CHttpResponseCodec.java:133)
	at org.openqa.selenium.remote.codec.w3c.W3CHttpResponseCodec.decode(W3CHttpResponseCodec.java:52)
	at org.openqa.selenium.remote.HttpCommandExecutor.execute(HttpCommandExecutor.java:191)
	at org.openqa.selenium.remote.service.DriverCommandExecutor.invokeExecute(DriverCommandExecutor.java:200)
	at org.openqa.selenium.remote.service.DriverCommandExecutor.execute(DriverCommandExecutor.java:175)
	at org.openqa.selenium.remote.RemoteWebDriver.execute(RemoteWebDriver.java:607)
	at org.openqa.selenium.remote.ElementLocation$ElementFinder$2.findElement(ElementLocation.java:165)
	at org.openqa.selenium.remote.ElementLocation.findElement(ElementLocation.java:59)
	at org.openqa.selenium.remote.RemoteWebDriver.findElement(RemoteWebDriver.java:364)
	at org.openqa.selenium.remote.RemoteWebDriver.findElement(RemoteWebDriver.java:358)
	at com.sauceDemo.testCases.TC011_CustomExceptionDemoTest.demonstrateCustomExceptions(TC011_CustomExceptionDemoTest.java:48)
	... 27 more
... Removed 27 stack frames
</div> <!-- stack-trace -->
                  <em>
(Demonstrate custom exception handling for ElementNotFound and AutomationFlow issues.)                  </em>
                </div> <!-- method-content -->
              </div> <!-- method -->
            </div> <!-- main-panel-content rounded-window-bottom -->
          </div> <!-- suite-SauceDemo_Automation_Suite-class-skipped -->
          <div class="suite-SauceDemo_Automation_Suite-class-skipped">
            <div class="main-panel-header rounded-window-top">
              <img src="skipped.png"/>
              <span class="class-name">com.sauceDemo.testCases.TC004_FailedLoginScreenshotTest</span>
            </div> <!-- main-panel-header rounded-window-top -->
            <div class="main-panel-content rounded-window-bottom">
              <div class="method">
                <div class="method-content">
                  <a name="testInvalidLoginForScreenshot">
                  </a> <!-- testInvalidLoginForScreenshot -->
                  <span class="method-name">testInvalidLoginForScreenshot</span>
                  <div class="stack-trace">java.lang.AssertionError: Error message for invalid login is incorrect. expected [Epic sadface: This is an incorrect error message to force failure] but found [Epic sadface: Username and password do not match any user in this service]
	at com.sauceDemo.testCases.TC004_FailedLoginScreenshotTest.testInvalidLoginForScreenshot(TC004_FailedLoginScreenshotTest.java:23)
	at java.base/java.util.ArrayList.forEach(ArrayList.java:1541)
	at com.intellij.rt.testng.IDEARemoteTestNG.run(IDEARemoteTestNG.java:65)
	at com.intellij.rt.testng.RemoteTestNGStarter.main(RemoteTestNGStarter.java:105)
... Removed 29 stack frames
</div> <!-- stack-trace -->
                  <em>
(Verify that a screenshot is taken on failed login due to incorrect credentials)                  </em>
                </div> <!-- method-content -->
              </div> <!-- method -->
              <div class="method">
                <div class="method-content">
                  <a name="testLockedOutUserLoginForScreenshot">
                  </a> <!-- testLockedOutUserLoginForScreenshot -->
                  <span class="method-name">testLockedOutUserLoginForScreenshot</span>
                  <div class="stack-trace">java.lang.AssertionError: Error message for locked out user is incorrect. expected [Epic sadface: Intentional wrong message for screenshot] but found [Epic sadface: Sorry, this user has been locked out.]
	at com.sauceDemo.testCases.TC004_FailedLoginScreenshotTest.testLockedOutUserLoginForScreenshot(TC004_FailedLoginScreenshotTest.java:38)
	at java.base/java.util.ArrayList.forEach(ArrayList.java:1541)
	at com.intellij.rt.testng.IDEARemoteTestNG.run(IDEARemoteTestNG.java:65)
	at com.intellij.rt.testng.RemoteTestNGStarter.main(RemoteTestNGStarter.java:105)
... Removed 29 stack frames
</div> <!-- stack-trace -->
                  <em>
(Verify that a screenshot is taken when a locked out user tries to login)                  </em>
                </div> <!-- method-content -->
              </div> <!-- method -->
            </div> <!-- main-panel-content rounded-window-bottom -->
          </div> <!-- suite-SauceDemo_Automation_Suite-class-skipped -->
          <div class="suite-SauceDemo_Automation_Suite-class-skipped">
            <div class="main-panel-header rounded-window-top">
              <img src="skipped.png"/>
              <span class="class-name">com.sauceDemo.testCases.TC005_RetryAnalyzerTest</span>
            </div> <!-- main-panel-header rounded-window-top -->
            <div class="main-panel-content rounded-window-bottom">
              <div class="method">
                <div class="method-content">
                  <a name="testFlakyLoginAttempt">
                  </a> <!-- testFlakyLoginAttempt -->
                  <span class="method-name">testFlakyLoginAttempt</span>
                  <div class="stack-trace">java.lang.AssertionError: Simulating a transient failure. This test should be retried!
	at com.sauceDemo.testCases.TC005_RetryAnalyzerTest.testFlakyLoginAttempt(TC005_RetryAnalyzerTest.java:44)
	at java.base/java.util.ArrayList.forEach(ArrayList.java:1541)
	at com.intellij.rt.testng.IDEARemoteTestNG.run(IDEARemoteTestNG.java:65)
	at com.intellij.rt.testng.RemoteTestNGStarter.main(RemoteTestNGStarter.java:105)
... Removed 25 stack frames
</div> <!-- stack-trace -->
                  <em>
(Demonstrates RetryAnalyzer functionality - designed to fail then pass)                  </em>
                </div> <!-- method-content -->
              </div> <!-- method -->
            </div> <!-- main-panel-content rounded-window-bottom -->
          </div> <!-- suite-SauceDemo_Automation_Suite-class-skipped -->
          <div class="suite-SauceDemo_Automation_Suite-class-passed">
            <div class="main-panel-header rounded-window-top">
              <img src="passed.png"/>
              <span class="class-name">com.sauceDemo.testCases.TC014_EnhancedLoginTest</span>
            </div> <!-- main-panel-header rounded-window-top -->
            <div class="main-panel-content rounded-window-bottom">
              <div class="method">
                <div class="method-content">
                  <a name="testEnhancedLogin">
                  </a> <!-- testEnhancedLogin -->
                  <span class="method-name">testEnhancedLogin</span>
                  <em>
(Verify login with enhanced framework features)                  </em>
                </div> <!-- method-content -->
              </div> <!-- method -->
            </div> <!-- main-panel-content rounded-window-bottom -->
          </div> <!-- suite-SauceDemo_Automation_Suite-class-passed -->
          <div class="suite-SauceDemo_Automation_Suite-class-passed">
            <div class="main-panel-header rounded-window-top">
              <img src="passed.png"/>
              <span class="class-name">com.sauceDemo.testCases.TC009_DynamicCheckoutInfoTest</span>
            </div> <!-- main-panel-header rounded-window-top -->
            <div class="main-panel-content rounded-window-bottom">
              <div class="method">
                <div class="method-content">
                  <a name="verifyPurchaseFlowWithFakerData">
                  </a> <!-- verifyPurchaseFlowWithFakerData -->
                  <span class="method-name">verifyPurchaseFlowWithFakerData</span>
                  <em>
(Verify end-to-end purchase flow using dynamically generated checkout information.)                  </em>
                </div> <!-- method-content -->
              </div> <!-- method -->
            </div> <!-- main-panel-content rounded-window-bottom -->
          </div> <!-- suite-SauceDemo_Automation_Suite-class-passed -->
          <div class="suite-SauceDemo_Automation_Suite-class-passed">
            <div class="main-panel-header rounded-window-top">
              <img src="passed.png"/>
              <span class="class-name">com.sauceDemo.testCases.TC008_PurchaseFlowJson</span>
            </div> <!-- main-panel-header rounded-window-top -->
            <div class="main-panel-content rounded-window-bottom">
              <div class="method">
                <div class="method-content">
                  <a name="verifyPurchaseFlowWithDynamicData(Single Item Purchase - Bolt T-Shirt, PurchaseScenario{scenarioName=&#039;Single Item Purchase - Bolt T-Sh...)">
                  </a> <!-- verifyPurchaseFlowWithDynamicData(Single Item Purchase - Bolt T-Shirt, PurchaseScenario{scenarioName='Single Item Purchase - Bolt T-Sh...) -->
                  <span class="method-name">verifyPurchaseFlowWithDynamicData</span>
                  <span class="parameters">(Single Item Purchase - Bolt T-Shirt,PurchaseScenario{scenarioName='Single Item Purchase - Bolt T-Shirt', productsToAdd=[Sauce Labs Bolt T-Shirt], checkoutDetails=CheckoutDetails{firstName='Jane', lastName='Smith', zipCode='67890'}, expectedItemTotal='15.99', expectedTax='1.28', expectedGrandTotal='17.27', expectedConfirmationMessage='Thank you for your order!', expectedErrorMessage='null'})</span>
                  <em>
(Verify end-to-end purchase flow with dynamic product and checkout data.)                  </em>
                </div> <!-- method-content -->
              </div> <!-- method -->
              <div class="method">
                <div class="method-content">
                  <a name="verifyPurchaseFlowWithDynamicData(Standard Purchase - BackPack &amp; Bike Light, PurchaseScenario{scenarioName=&#039;Standard Purchase - BackPa...)">
                  </a> <!-- verifyPurchaseFlowWithDynamicData(Standard Purchase - BackPack & Bike Light, PurchaseScenario{scenarioName='Standard Purchase - BackPa...) -->
                  <span class="method-name">verifyPurchaseFlowWithDynamicData</span>
                  <span class="parameters">(Standard Purchase - BackPack & Bike Light,PurchaseScenario{scenarioName='Standard Purchase - BackPack & Bike Light', productsToAdd=[Sauce Labs Backpack, Sauce Labs Bike Light], checkoutDetails=CheckoutDetails{firstName='John', lastName='Doe', zipCode='12345'}, expectedItemTotal='39.98', expectedTax='3.20', expectedGrandTotal='43.18', expectedConfirmationMessage='Thank you for your order!', expectedErrorMessage='null'})</span>
                  <em>
(Verify end-to-end purchase flow with dynamic product and checkout data.)                  </em>
                </div> <!-- method-content -->
              </div> <!-- method -->
              <div class="method">
                <div class="method-content">
                  <a name="verifyPurchaseFlowWithDynamicData(Error Scenario - Empty Zip Code, PurchaseScenario{scenarioName=&#039;Error Scenario - Empty Zip Code&#039;, pr...)">
                  </a> <!-- verifyPurchaseFlowWithDynamicData(Error Scenario - Empty Zip Code, PurchaseScenario{scenarioName='Error Scenario - Empty Zip Code', pr...) -->
                  <span class="method-name">verifyPurchaseFlowWithDynamicData</span>
                  <span class="parameters">(Error Scenario - Empty Zip Code,PurchaseScenario{scenarioName='Error Scenario - Empty Zip Code', productsToAdd=[Sauce Labs Backpack], checkoutDetails=CheckoutDetails{firstName='Error', lastName='User', zipCode=''}, expectedItemTotal='null', expectedTax='null', expectedGrandTotal='null', expectedConfirmationMessage='null', expectedErrorMessage='Error: Postal Code is required'})</span>
                  <em>
(Verify end-to-end purchase flow with dynamic product and checkout data.)                  </em>
                </div> <!-- method-content -->
              </div> <!-- method -->
            </div> <!-- main-panel-content rounded-window-bottom -->
          </div> <!-- suite-SauceDemo_Automation_Suite-class-passed -->
          <div class="suite-SauceDemo_Automation_Suite-class-passed">
            <div class="main-panel-header rounded-window-top">
              <img src="passed.png"/>
              <span class="class-name">com.sauceDemo.testCases.TC010_BuilderPatternCheckoutTest</span>
            </div> <!-- main-panel-header rounded-window-top -->
            <div class="main-panel-content rounded-window-bottom">
              <div class="method">
                <div class="method-content">
                  <a name="tc010_verifyPurchaseFlowWithBuilderData">
                  </a> <!-- tc010_verifyPurchaseFlowWithBuilderData -->
                  <span class="method-name">tc010_verifyPurchaseFlowWithBuilderData</span>
                  <em>
(Verify end-to-end purchase flow using Test Data Builder for CheckoutInfo.)                  </em>
                </div> <!-- method-content -->
              </div> <!-- method -->
            </div> <!-- main-panel-content rounded-window-bottom -->
          </div> <!-- suite-SauceDemo_Automation_Suite-class-passed -->
          <div class="suite-SauceDemo_Automation_Suite-class-passed">
            <div class="main-panel-header rounded-window-top">
              <img src="passed.png"/>
              <span class="class-name">com.sauceDemo.testCases.TC002_ProductTest</span>
            </div> <!-- main-panel-header rounded-window-top -->
            <div class="main-panel-content rounded-window-bottom">
              <div class="method">
                <div class="method-content">
                  <a name="testAddMultipleProductsToCart">
                  </a> <!-- testAddMultipleProductsToCart -->
                  <span class="method-name">testAddMultipleProductsToCart</span>
                  <em>
(Verify adding multiple products to cart (example for another product))                  </em>
                </div> <!-- method-content -->
              </div> <!-- method -->
              <div class="method">
                <div class="method-content">
                  <a name="testAddSingleProductToCart">
                  </a> <!-- testAddSingleProductToCart -->
                  <span class="method-name">testAddSingleProductToCart</span>
                  <em>
(Verify adding a single product to cart)                  </em>
                </div> <!-- method-content -->
              </div> <!-- method -->
            </div> <!-- main-panel-content rounded-window-bottom -->
          </div> <!-- suite-SauceDemo_Automation_Suite-class-passed -->
          <div class="suite-SauceDemo_Automation_Suite-class-passed">
            <div class="main-panel-header rounded-window-top">
              <img src="passed.png"/>
              <span class="class-name">com.sauceDemo.testCases.TC006_LoginDDTTest</span>
            </div> <!-- main-panel-header rounded-window-top -->
            <div class="main-panel-content rounded-window-bottom">
              <div class="method">
                <div class="method-content">
                  <a name="testLoginDataDrivenTest(locked_out_user, secret_sauce, Failure)">
                  </a> <!-- testLoginDataDrivenTest(locked_out_user, secret_sauce, Failure) -->
                  <span class="method-name">testLoginDataDrivenTest</span>
                  <span class="parameters">(locked_out_user,secret_sauce,Failure)</span>
                  <em>
(Data-driven test for various login scenarios)                  </em>
                </div> <!-- method-content -->
              </div> <!-- method -->
              <div class="method">
                <div class="method-content">
                  <a name="testLoginDataDrivenTest(standard_user, secret_sauce, Success)">
                  </a> <!-- testLoginDataDrivenTest(standard_user, secret_sauce, Success) -->
                  <span class="method-name">testLoginDataDrivenTest</span>
                  <span class="parameters">(standard_user,secret_sauce,Success)</span>
                  <em>
(Data-driven test for various login scenarios)                  </em>
                </div> <!-- method-content -->
              </div> <!-- method -->
              <div class="method">
                <div class="method-content">
                  <a name="testLoginDataDrivenTest(problem_user, secret_sauce, Success)">
                  </a> <!-- testLoginDataDrivenTest(problem_user, secret_sauce, Success) -->
                  <span class="method-name">testLoginDataDrivenTest</span>
                  <span class="parameters">(problem_user,secret_sauce,Success)</span>
                  <em>
(Data-driven test for various login scenarios)                  </em>
                </div> <!-- method-content -->
              </div> <!-- method -->
              <div class="method">
                <div class="method-content">
                  <a name="testLoginDataDrivenTest(performance_glitch_user, secret_sauce, Success)">
                  </a> <!-- testLoginDataDrivenTest(performance_glitch_user, secret_sauce, Success) -->
                  <span class="method-name">testLoginDataDrivenTest</span>
                  <span class="parameters">(performance_glitch_user,secret_sauce,Success)</span>
                  <em>
(Data-driven test for various login scenarios)                  </em>
                </div> <!-- method-content -->
              </div> <!-- method -->
              <div class="method">
                <div class="method-content">
                  <a name="testLoginDataDrivenTest(invalid_user, wrong_password, Failure)">
                  </a> <!-- testLoginDataDrivenTest(invalid_user, wrong_password, Failure) -->
                  <span class="method-name">testLoginDataDrivenTest</span>
                  <span class="parameters">(invalid_user,wrong_password,Failure)</span>
                  <em>
(Data-driven test for various login scenarios)                  </em>
                </div> <!-- method-content -->
              </div> <!-- method -->
            </div> <!-- main-panel-content rounded-window-bottom -->
          </div> <!-- suite-SauceDemo_Automation_Suite-class-passed -->
          <div class="suite-SauceDemo_Automation_Suite-class-passed">
            <div class="main-panel-header rounded-window-top">
              <img src="passed.png"/>
              <span class="class-name">com.sauceDemo.testCases.TC001_LoginTest</span>
            </div> <!-- main-panel-header rounded-window-top -->
            <div class="main-panel-content rounded-window-bottom">
              <div class="method">
                <div class="method-content">
                  <a name="testLoginPerformanceGlitchUser">
                  </a> <!-- testLoginPerformanceGlitchUser -->
                  <span class="method-name">testLoginPerformanceGlitchUser</span>
                  <em>
(Verify login with performance glitch user credentials)                  </em>
                </div> <!-- method-content -->
              </div> <!-- method -->
              <div class="method">
                <div class="method-content">
                  <a name="testLoginProblemUser">
                  </a> <!-- testLoginProblemUser -->
                  <span class="method-name">testLoginProblemUser</span>
                  <em>
(Verify login with problem user credentials)                  </em>
                </div> <!-- method-content -->
              </div> <!-- method -->
              <div class="method">
                <div class="method-content">
                  <a name="testSuccessfulLoginUser">
                  </a> <!-- testSuccessfulLoginUser -->
                  <span class="method-name">testSuccessfulLoginUser</span>
                  <em>
(Verify successful login with valid credentials)                  </em>
                </div> <!-- method-content -->
              </div> <!-- method -->
            </div> <!-- main-panel-content rounded-window-bottom -->
          </div> <!-- suite-SauceDemo_Automation_Suite-class-passed -->
          <div class="suite-SauceDemo_Automation_Suite-class-passed">
            <div class="main-panel-header rounded-window-top">
              <img src="passed.png"/>
              <span class="class-name">com.sauceDemo.testCases.TC013_HyundaiWarrantyWindowHandling</span>
            </div> <!-- main-panel-header rounded-window-top -->
            <div class="main-panel-content rounded-window-bottom">
              <div class="method">
                <div class="method-content">
                  <a name="testHyundaiWarrantyLinkWindowHandling">
                  </a> <!-- testHyundaiWarrantyLinkWindowHandling -->
                  <span class="method-name">testHyundaiWarrantyLinkWindowHandling</span>
                  <em>
(Verify Hyundai Warranty link opens correctly in a new tab using framework utilities.)                  </em>
                </div> <!-- method-content -->
              </div> <!-- method -->
            </div> <!-- main-panel-content rounded-window-bottom -->
          </div> <!-- suite-SauceDemo_Automation_Suite-class-passed -->
          <div class="suite-SauceDemo_Automation_Suite-class-passed">
            <div class="main-panel-header rounded-window-top">
              <img src="passed.png"/>
              <span class="class-name">com.sauceDemo.testCases.TC012_WebDriverUtilsDemoTest</span>
            </div> <!-- main-panel-header rounded-window-top -->
            <div class="main-panel-content rounded-window-bottom">
              <div class="method">
                <div class="method-content">
                  <a name="demonstrateWebDriverUtils">
                  </a> <!-- demonstrateWebDriverUtils -->
                  <span class="method-name">demonstrateWebDriverUtils</span>
                  <em>
(Demonstrate usage of custom WebDriver utility methods.)                  </em>
                </div> <!-- method-content -->
              </div> <!-- method -->
            </div> <!-- main-panel-content rounded-window-bottom -->
          </div> <!-- suite-SauceDemo_Automation_Suite-class-passed -->
          <div class="suite-SauceDemo_Automation_Suite-class-passed">
            <div class="main-panel-header rounded-window-top">
              <img src="passed.png"/>
              <span class="class-name">com.sauceDemo.testCases.TC003_CheckoutTest</span>
            </div> <!-- main-panel-header rounded-window-top -->
            <div class="main-panel-content rounded-window-bottom">
              <div class="method">
                <div class="method-content">
                  <a name="testCancelCheckoutFromInformationPage">
                  </a> <!-- testCancelCheckoutFromInformationPage -->
                  <span class="method-name">testCancelCheckoutFromInformationPage</span>
                  <em>
(Verify cancelling checkout from information page)                  </em>
                </div> <!-- method-content -->
              </div> <!-- method -->
              <div class="method">
                <div class="method-content">
                  <a name="testSuccessfulProductCheckout">
                  </a> <!-- testSuccessfulProductCheckout -->
                  <span class="method-name">testSuccessfulProductCheckout</span>
                  <em>
(Verify successful product checkout flow)                  </em>
                </div> <!-- method-content -->
              </div> <!-- method -->
            </div> <!-- main-panel-content rounded-window-bottom -->
          </div> <!-- suite-SauceDemo_Automation_Suite-class-passed -->
          <div class="suite-SauceDemo_Automation_Suite-class-passed">
            <div class="main-panel-header rounded-window-top">
              <img src="passed.png"/>
              <span class="class-name">com.sauceDemo.testCases.TC007_DashboardMenuTest</span>
            </div> <!-- main-panel-header rounded-window-top -->
            <div class="main-panel-content rounded-window-bottom">
              <div class="method">
                <div class="method-content">
                  <a name="verifyHamburgerMenuItems">
                  </a> <!-- verifyHamburgerMenuItems -->
                  <span class="method-name">verifyHamburgerMenuItems</span>
                  <em>
(Verify all items and their text in the Dashboard Hamburger Menu.)                  </em>
                </div> <!-- method-content -->
              </div> <!-- method -->
            </div> <!-- main-panel-content rounded-window-bottom -->
          </div> <!-- suite-SauceDemo_Automation_Suite-class-passed -->
        </div> <!-- panel SauceDemo_Automation_Suite -->
        <div panel-name="test-xml-SauceDemo_Automation_Suite" class="panel">
          <div class="main-panel-header rounded-window-top">
            <span class="header-content">D:\SoftwareTesting\Workspaces\NewProjects\AutomationFramework_Java_Selenium\testng.xml</span>
          </div> <!-- main-panel-header rounded-window-top -->
          <div class="main-panel-content rounded-window-bottom">
            <pre>
&lt;?xml version=&quot;1.0&quot; encoding=&quot;UTF-8&quot;?&gt;
&lt;!DOCTYPE suite SYSTEM &quot;https://testng.org/testng-1.0.dtd&quot;&gt;
&lt;suite name=&quot;SauceDemo Automation Suite&quot; guice-stage=&quot;DEVELOPMENT&quot;&gt;
  &lt;listeners&gt;
    &lt;listener class-name=&quot;com.sauceDemo.testngUtils.TestListener&quot;/&gt;
    &lt;listener class-name=&quot;com.sauceDemo.testngUtils.AnnotationTransformer&quot;/&gt;
  &lt;/listeners&gt;
  &lt;test thread-count=&quot;5&quot; name=&quot;Chrome Standard Tests&quot;&gt;
    &lt;parameter name=&quot;headless&quot; value=&quot;false&quot;/&gt;
    &lt;parameter name=&quot;browser&quot; value=&quot;chrome&quot;/&gt;
    &lt;parameter name=&quot;incognito&quot; value=&quot;true&quot;/&gt;
    &lt;packages&gt;
      &lt;package name=&quot;com.sauceDemo.testCases&quot;/&gt;
    &lt;/packages&gt;
    &lt;classes&gt;
      &lt;class name=&quot;com.sauceDemo.testCases.TC001_LoginTest&quot;/&gt;
      &lt;class name=&quot;com.sauceDemo.testCases.TC002_ProductTest&quot;/&gt;
      &lt;class name=&quot;com.sauceDemo.testCases.TC003_CheckoutTest&quot;/&gt;
      &lt;class name=&quot;com.sauceDemo.testCases.TC004_FailedLoginScreenshotTest&quot;/&gt;
      &lt;class name=&quot;com.sauceDemo.testCases.TC005_RetryAnalyzerTest&quot;/&gt;
      &lt;class name=&quot;com.sauceDemo.testCases.TC006_LoginDDTTest&quot;/&gt;
      &lt;class name=&quot;com.sauceDemo.testCases.TC007_DashboardMenuTest&quot;/&gt;
      &lt;class name=&quot;com.sauceDemo.testCases.TC008_PurchaseFlowJson&quot;/&gt;
      &lt;class name=&quot;com.sauceDemo.testCases.TC009_DynamicCheckoutInfoTest&quot;/&gt;
      &lt;class name=&quot;com.sauceDemo.testCases.TC010_BuilderPatternCheckoutTest&quot;/&gt;
      &lt;class name=&quot;com.sauceDemo.testCases.TC011_CustomExceptionDemoTest&quot;/&gt;
      &lt;class name=&quot;com.sauceDemo.testCases.TC012_WebDriverUtilsDemoTest&quot;/&gt;
      &lt;class name=&quot;com.sauceDemo.testCases.TC013_HyundaiWarrantyWindowHandling&quot;/&gt;
      &lt;class name=&quot;com.sauceDemo.testCases.TC014_EnhancedLoginTest&quot;/&gt;
    &lt;/classes&gt;
  &lt;/test&gt; &lt;!-- Chrome Standard Tests --&gt;
&lt;/suite&gt; &lt;!-- SauceDemo Automation Suite --&gt;
            </pre>
          </div> <!-- main-panel-content rounded-window-bottom -->
        </div> <!-- panel -->
        <div panel-name="testlist-SauceDemo_Automation_Suite" class="panel">
          <div class="main-panel-header rounded-window-top">
            <span class="header-content">Tests for SauceDemo Automation Suite</span>
          </div> <!-- main-panel-header rounded-window-top -->
          <div class="main-panel-content rounded-window-bottom">
            <ul>
              <li>
                <span class="test-name">Chrome Standard Tests (14 classes)</span>
              </li>
            </ul>
          </div> <!-- main-panel-content rounded-window-bottom -->
        </div> <!-- panel -->
        <div panel-name="group-SauceDemo_Automation_Suite" class="panel">
          <div class="main-panel-header rounded-window-top">
            <span class="header-content">Groups for SauceDemo Automation Suite</span>
          </div> <!-- main-panel-header rounded-window-top -->
          <div class="main-panel-content rounded-window-bottom">
          </div> <!-- main-panel-content rounded-window-bottom -->
        </div> <!-- panel -->
        <div panel-name="times-SauceDemo_Automation_Suite" class="panel">
          <div class="main-panel-header rounded-window-top">
            <span class="header-content">Times for SauceDemo Automation Suite</span>
          </div> <!-- main-panel-header rounded-window-top -->
          <div class="main-panel-content rounded-window-bottom">
            <div class="times-div">
              <script type="text/javascript">
suiteTableInitFunctions.push('tableData_SauceDemo_Automation_Suite');
function tableData_SauceDemo_Automation_Suite() {
var data = new google.visualization.DataTable();
data.addColumn('number', 'Number');
data.addColumn('string', 'Method');
data.addColumn('string', 'Class');
data.addColumn('number', 'Time (ms)');
data.addRows(31);
data.setCell(0, 0, 0)
data.setCell(0, 1, 'verifyPurchaseFlowWithFakerData')
data.setCell(0, 2, 'com.sauceDemo.testCases.TC009_DynamicCheckoutInfoTest')
data.setCell(0, 3, 70420);
data.setCell(1, 0, 1)
data.setCell(1, 1, 'verifyPurchaseFlowWithDynamicData')
data.setCell(1, 2, 'com.sauceDemo.testCases.TC008_PurchaseFlowJson')
data.setCell(1, 3, 67752);
data.setCell(2, 0, 2)
data.setCell(2, 1, 'verifyPurchaseFlowWithDynamicData')
data.setCell(2, 2, 'com.sauceDemo.testCases.TC008_PurchaseFlowJson')
data.setCell(2, 3, 64720);
data.setCell(3, 0, 3)
data.setCell(3, 1, 'tc010_verifyPurchaseFlowWithBuilderData')
data.setCell(3, 2, 'com.sauceDemo.testCases.TC010_BuilderPatternCheckoutTest')
data.setCell(3, 3, 55517);
data.setCell(4, 0, 4)
data.setCell(4, 1, 'verifyPurchaseFlowWithDynamicData')
data.setCell(4, 2, 'com.sauceDemo.testCases.TC008_PurchaseFlowJson')
data.setCell(4, 3, 49139);
data.setCell(5, 0, 5)
data.setCell(5, 1, 'verifyPurchaseFlowWithDynamicData')
data.setCell(5, 2, 'com.sauceDemo.testCases.TC008_PurchaseFlowJson')
data.setCell(5, 3, 48810);
data.setCell(6, 0, 6)
data.setCell(6, 1, 'testSuccessfulProductCheckout')
data.setCell(6, 2, 'com.sauceDemo.testCases.TC003_CheckoutTest')
data.setCell(6, 3, 42800);
data.setCell(7, 0, 7)
data.setCell(7, 1, 'testHyundaiWarrantyLinkWindowHandling')
data.setCell(7, 2, 'com.sauceDemo.testCases.TC013_HyundaiWarrantyWindowHandling')
data.setCell(7, 3, 40795);
data.setCell(8, 0, 8)
data.setCell(8, 1, 'demonstrateWebDriverUtils')
data.setCell(8, 2, 'com.sauceDemo.testCases.TC012_WebDriverUtilsDemoTest')
data.setCell(8, 3, 34961);
data.setCell(9, 0, 9)
data.setCell(9, 1, 'verifyPurchaseFlowWithDynamicData')
data.setCell(9, 2, 'com.sauceDemo.testCases.TC008_PurchaseFlowJson')
data.setCell(9, 3, 28793);
data.setCell(10, 0, 10)
data.setCell(10, 1, 'demonstrateCustomExceptions')
data.setCell(10, 2, 'com.sauceDemo.testCases.TC011_CustomExceptionDemoTest')
data.setCell(10, 3, 22196);
data.setCell(11, 0, 11)
data.setCell(11, 1, 'demonstrateCustomExceptions')
data.setCell(11, 2, 'com.sauceDemo.testCases.TC011_CustomExceptionDemoTest')
data.setCell(11, 3, 21990);
data.setCell(12, 0, 12)
data.setCell(12, 1, 'testCancelCheckoutFromInformationPage')
data.setCell(12, 2, 'com.sauceDemo.testCases.TC003_CheckoutTest')
data.setCell(12, 3, 20771);
data.setCell(13, 0, 13)
data.setCell(13, 1, 'testLoginDataDrivenTest')
data.setCell(13, 2, 'com.sauceDemo.testCases.TC006_LoginDDTTest')
data.setCell(13, 3, 17208);
data.setCell(14, 0, 14)
data.setCell(14, 1, 'testLoginPerformanceGlitchUser')
data.setCell(14, 2, 'com.sauceDemo.testCases.TC001_LoginTest')
data.setCell(14, 3, 17164);
data.setCell(15, 0, 15)
data.setCell(15, 1, 'testSuccessfulLoginUser')
data.setCell(15, 2, 'com.sauceDemo.testCases.TC001_LoginTest')
data.setCell(15, 3, 14066);
data.setCell(16, 0, 16)
data.setCell(16, 1, 'verifyHamburgerMenuItems')
data.setCell(16, 2, 'com.sauceDemo.testCases.TC007_DashboardMenuTest')
data.setCell(16, 3, 13570);
data.setCell(17, 0, 17)
data.setCell(17, 1, 'testLoginProblemUser')
data.setCell(17, 2, 'com.sauceDemo.testCases.TC001_LoginTest')
data.setCell(17, 3, 12442);
data.setCell(18, 0, 18)
data.setCell(18, 1, 'testLoginDataDrivenTest')
data.setCell(18, 2, 'com.sauceDemo.testCases.TC006_LoginDDTTest')
data.setCell(18, 3, 12336);
data.setCell(19, 0, 19)
data.setCell(19, 1, 'testFlakyLoginAttempt')
data.setCell(19, 2, 'com.sauceDemo.testCases.TC005_RetryAnalyzerTest')
data.setCell(19, 3, 12285);
data.setCell(20, 0, 20)
data.setCell(20, 1, 'testFlakyLoginAttempt')
data.setCell(20, 2, 'com.sauceDemo.testCases.TC005_RetryAnalyzerTest')
data.setCell(20, 3, 12195);
data.setCell(21, 0, 21)
data.setCell(21, 1, 'testLoginDataDrivenTest')
data.setCell(21, 2, 'com.sauceDemo.testCases.TC006_LoginDDTTest')
data.setCell(21, 3, 12055);
data.setCell(22, 0, 22)
data.setCell(22, 1, 'testLoginDataDrivenTest')
data.setCell(22, 2, 'com.sauceDemo.testCases.TC006_LoginDDTTest')
data.setCell(22, 3, 2793);
data.setCell(23, 0, 23)
data.setCell(23, 1, 'testLoginDataDrivenTest')
data.setCell(23, 2, 'com.sauceDemo.testCases.TC006_LoginDDTTest')
data.setCell(23, 3, 2315);
data.setCell(24, 0, 24)
data.setCell(24, 1, 'testInvalidLoginForScreenshot')
data.setCell(24, 2, 'com.sauceDemo.testCases.TC004_FailedLoginScreenshotTest')
data.setCell(24, 3, 2296);
data.setCell(25, 0, 25)
data.setCell(25, 1, 'testInvalidLoginForScreenshot')
data.setCell(25, 2, 'com.sauceDemo.testCases.TC004_FailedLoginScreenshotTest')
data.setCell(25, 3, 2180);
data.setCell(26, 0, 26)
data.setCell(26, 1, 'testLockedOutUserLoginForScreenshot')
data.setCell(26, 2, 'com.sauceDemo.testCases.TC004_FailedLoginScreenshotTest')
data.setCell(26, 3, 2117);
data.setCell(27, 0, 27)
data.setCell(27, 1, 'testLockedOutUserLoginForScreenshot')
data.setCell(27, 2, 'com.sauceDemo.testCases.TC004_FailedLoginScreenshotTest')
data.setCell(27, 3, 2074);
data.setCell(28, 0, 28)
data.setCell(28, 1, 'testEnhancedLogin')
data.setCell(28, 2, 'com.sauceDemo.testCases.TC014_EnhancedLoginTest')
data.setCell(28, 3, 2033);
data.setCell(29, 0, 29)
data.setCell(29, 1, 'testAddMultipleProductsToCart')
data.setCell(29, 2, 'com.sauceDemo.testCases.TC002_ProductTest')
data.setCell(29, 3, 778);
data.setCell(30, 0, 30)
data.setCell(30, 1, 'testAddSingleProductToCart')
data.setCell(30, 2, 'com.sauceDemo.testCases.TC002_ProductTest')
data.setCell(30, 3, 572);
window.suiteTableData['SauceDemo_Automation_Suite']= { tableData: data, tableDiv: 'times-div-SauceDemo_Automation_Suite'}
return data;
}
              </script>
              <span class="suite-total-time">Total running time: 11 minutes</span>
              <div id="times-div-SauceDemo_Automation_Suite">
              </div> <!-- times-div-SauceDemo_Automation_Suite -->
            </div> <!-- times-div -->
          </div> <!-- main-panel-content rounded-window-bottom -->
        </div> <!-- panel -->
        <div panel-name="reporter-SauceDemo_Automation_Suite" class="panel">
          <div class="main-panel-header rounded-window-top">
            <span class="header-content">Reporter output for SauceDemo Automation Suite</span>
          </div> <!-- main-panel-header rounded-window-top -->
          <div class="main-panel-content rounded-window-bottom">
          </div> <!-- main-panel-content rounded-window-bottom -->
        </div> <!-- panel -->
        <div panel-name="ignored-methods-SauceDemo_Automation_Suite" class="panel">
          <div class="main-panel-header rounded-window-top">
            <span class="header-content">0 ignored methods</span>
          </div> <!-- main-panel-header rounded-window-top -->
          <div class="main-panel-content rounded-window-bottom">
          </div> <!-- main-panel-content rounded-window-bottom -->
        </div> <!-- panel -->
        <div panel-name="chronological-SauceDemo_Automation_Suite" class="panel">
          <div class="main-panel-header rounded-window-top">
            <span class="header-content">Methods in chronological order</span>
          </div> <!-- main-panel-header rounded-window-top -->
          <div class="main-panel-content rounded-window-bottom">
            <div class="chronological-class">
              <div class="chronological-class-name">com.sauceDemo.testCases.TC001_LoginTest</div> <!-- chronological-class-name -->
              <div class="configuration-method before">
                <span class="method-name">setup(chrome, true, false, org.testng.TestRunner@15ed06d3)</span>
                <span class="method-start">0 ms</span>
              </div> <!-- configuration-method before -->
              <div class="test-method">
                <span class="method-name">testSuccessfulLoginUser</span>
                <span class="method-start">6546 ms</span>
              </div> <!-- test-method -->
              <div class="configuration-method after">
                <span class="method-name">teardown([TestResult name=testSuccessfulLoginUser status=SUCCESS method=TC001_LoginTest.testSuccessfulLoginUs...)</span>
                <span class="method-start">20657 ms</span>
              </div> <!-- configuration-method after -->
              <div class="configuration-method before">
                <span class="method-name">setup(chrome, true, false, org.testng.TestRunner@15ed06d3)</span>
                <span class="method-start">21563 ms</span>
              </div> <!-- configuration-method before -->
              <div class="test-method">
                <span class="method-name">testLoginProblemUser</span>
                <span class="method-start">23777 ms</span>
              </div> <!-- test-method -->
              <div class="configuration-method after">
                <span class="method-name">teardown([TestResult name=testLoginProblemUser status=SUCCESS method=TC001_LoginTest.testLoginProblemUser()[p...)</span>
                <span class="method-start">36232 ms</span>
              </div> <!-- configuration-method after -->
              <div class="configuration-method before">
                <span class="method-name">setup(chrome, true, false, org.testng.TestRunner@15ed06d3)</span>
                <span class="method-start">37027 ms</span>
              </div> <!-- configuration-method before -->
              <div class="test-method">
                <span class="method-name">testLoginPerformanceGlitchUser</span>
                <span class="method-start">39156 ms</span>
              </div> <!-- test-method -->
              <div class="configuration-method after">
                <span class="method-name">teardown([TestResult name=testLoginPerformanceGlitchUser status=SUCCESS method=TC001_LoginTest.testLoginPerfo...)</span>
                <span class="method-start">56320 ms</span>
              </div> <!-- configuration-method after -->
            </div> <!-- chronological-class -->
            <div class="chronological-class">
              <div class="chronological-class-name">com.sauceDemo.testCases.TC002_ProductTest</div> <!-- chronological-class-name -->
              <div class="configuration-method before">
                <span class="method-name">setup(chrome, true, false, org.testng.TestRunner@15ed06d3)</span>
                <span class="method-start">57050 ms</span>
              </div> <!-- configuration-method before -->
              <div class="configuration-method before">
                <span class="method-name">loginBeforeProductTests</span>
                <span class="method-start">59106 ms</span>
              </div> <!-- configuration-method before -->
              <div class="test-method">
                <span class="method-name">testAddSingleProductToCart</span>
                <span class="method-start">71411 ms</span>
              </div> <!-- test-method -->
              <div class="configuration-method after">
                <span class="method-name">teardown([TestResult name=testAddSingleProductToCart status=SUCCESS method=TC002_ProductTest.testAddSinglePro...)</span>
                <span class="method-start">71983 ms</span>
              </div> <!-- configuration-method after -->
              <div class="configuration-method before">
                <span class="method-name">setup(chrome, true, false, org.testng.TestRunner@15ed06d3)</span>
                <span class="method-start">72813 ms</span>
              </div> <!-- configuration-method before -->
              <div class="configuration-method before">
                <span class="method-name">loginBeforeProductTests</span>
                <span class="method-start">75584 ms</span>
              </div> <!-- configuration-method before -->
              <div class="test-method">
                <span class="method-name">testAddMultipleProductsToCart</span>
                <span class="method-start">88433 ms</span>
              </div> <!-- test-method -->
              <div class="configuration-method after">
                <span class="method-name">teardown([TestResult name=testAddMultipleProductsToCart status=SUCCESS method=TC002_ProductTest.testAddMultip...)</span>
                <span class="method-start">89211 ms</span>
              </div> <!-- configuration-method after -->
            </div> <!-- chronological-class -->
            <div class="chronological-class">
              <div class="chronological-class-name">com.sauceDemo.testCases.TC003_CheckoutTest</div> <!-- chronological-class-name -->
              <div class="configuration-method before">
                <span class="method-name">setup(chrome, true, false, org.testng.TestRunner@15ed06d3)</span>
                <span class="method-start">90090 ms</span>
              </div> <!-- configuration-method before -->
              <div class="configuration-method before">
                <span class="method-name">loginAndAddProduct</span>
                <span class="method-start">92655 ms</span>
              </div> <!-- configuration-method before -->
              <div class="test-method">
                <span class="method-name">testSuccessfulProductCheckout</span>
                <span class="method-start">105574 ms</span>
              </div> <!-- test-method -->
              <div class="configuration-method after">
                <span class="method-name">teardown([TestResult name=testSuccessfulProductCheckout status=SUCCESS method=TC003_CheckoutTest.testSuccessf...)</span>
                <span class="method-start">148382 ms</span>
              </div> <!-- configuration-method after -->
              <div class="configuration-method before">
                <span class="method-name">setup(chrome, true, false, org.testng.TestRunner@15ed06d3)</span>
                <span class="method-start">149228 ms</span>
              </div> <!-- configuration-method before -->
              <div class="configuration-method before">
                <span class="method-name">loginAndAddProduct</span>
                <span class="method-start">151407 ms</span>
              </div> <!-- configuration-method before -->
              <div class="test-method">
                <span class="method-name">testCancelCheckoutFromInformationPage</span>
                <span class="method-start">164527 ms</span>
              </div> <!-- test-method -->
              <div class="configuration-method after">
                <span class="method-name">teardown([TestResult name=testCancelCheckoutFromInformationPage status=SUCCESS method=TC003_CheckoutTest.test...)</span>
                <span class="method-start">185298 ms</span>
              </div> <!-- configuration-method after -->
            </div> <!-- chronological-class -->
            <div class="chronological-class">
              <div class="chronological-class-name">com.sauceDemo.testCases.TC004_FailedLoginScreenshotTest</div> <!-- chronological-class-name -->
              <div class="configuration-method before">
                <span class="method-name">setup(chrome, true, false, org.testng.TestRunner@15ed06d3)</span>
                <span class="method-start">186011 ms</span>
              </div> <!-- configuration-method before -->
              <div class="test-method">
                <span class="method-name">testInvalidLoginForScreenshot</span>
                <span class="method-start">188166 ms</span>
              </div> <!-- test-method -->
              <div class="configuration-method after">
                <span class="method-name">teardown([TestResult name=testInvalidLoginForScreenshot status=SKIP method=TC004_FailedLoginScreenshotTest.te...)</span>
                <span class="method-start">190465 ms</span>
              </div> <!-- configuration-method after -->
              <div class="configuration-method before">
                <span class="method-name">setup(chrome, true, false, org.testng.TestRunner@15ed06d3)</span>
                <span class="method-start">191176 ms</span>
              </div> <!-- configuration-method before -->
              <div class="test-method">
                <img src="failed.png">
                </img>
                <span class="method-name">testInvalidLoginForScreenshot</span>
                <span class="method-start">193280 ms</span>
              </div> <!-- test-method -->
              <div class="configuration-method after">
                <span class="method-name">teardown([TestResult name=testInvalidLoginForScreenshot status=FAILURE method=TC004_FailedLoginScreenshotTest...)</span>
                <span class="method-start">195614 ms</span>
              </div> <!-- configuration-method after -->
              <div class="configuration-method before">
                <span class="method-name">setup(chrome, true, false, org.testng.TestRunner@15ed06d3)</span>
                <span class="method-start">196299 ms</span>
              </div> <!-- configuration-method before -->
              <div class="test-method">
                <span class="method-name">testLockedOutUserLoginForScreenshot</span>
                <span class="method-start">198500 ms</span>
              </div> <!-- test-method -->
              <div class="configuration-method after">
                <span class="method-name">teardown([TestResult name=testLockedOutUserLoginForScreenshot status=SKIP method=TC004_FailedLoginScreenshotT...)</span>
                <span class="method-start">200585 ms</span>
              </div> <!-- configuration-method after -->
              <div class="configuration-method before">
                <span class="method-name">setup(chrome, true, false, org.testng.TestRunner@15ed06d3)</span>
                <span class="method-start">201246 ms</span>
              </div> <!-- configuration-method before -->
              <div class="test-method">
                <img src="failed.png">
                </img>
                <span class="method-name">testLockedOutUserLoginForScreenshot</span>
                <span class="method-start">203564 ms</span>
              </div> <!-- test-method -->
              <div class="configuration-method after">
                <span class="method-name">teardown([TestResult name=testLockedOutUserLoginForScreenshot status=FAILURE method=TC004_FailedLoginScreensh...)</span>
                <span class="method-start">205808 ms</span>
              </div> <!-- configuration-method after -->
            </div> <!-- chronological-class -->
            <div class="chronological-class">
              <div class="chronological-class-name">com.sauceDemo.testCases.TC005_RetryAnalyzerTest</div> <!-- chronological-class-name -->
              <div class="configuration-method before">
                <span class="method-name">setup(chrome, true, false, org.testng.TestRunner@15ed06d3)</span>
                <span class="method-start">206493 ms</span>
              </div> <!-- configuration-method before -->
              <div class="test-method">
                <span class="method-name">testFlakyLoginAttempt</span>
                <span class="method-start">208748 ms</span>
              </div> <!-- test-method -->
              <div class="configuration-method after">
                <span class="method-name">teardown([TestResult name=testFlakyLoginAttempt status=SKIP method=TC005_RetryAnalyzerTest.testFlakyLoginAtte...)</span>
                <span class="method-start">220953 ms</span>
              </div> <!-- configuration-method after -->
              <div class="configuration-method before">
                <span class="method-name">setup(chrome, true, false, org.testng.TestRunner@15ed06d3)</span>
                <span class="method-start">221785 ms</span>
              </div> <!-- configuration-method before -->
              <div class="test-method">
                <img src="failed.png">
                </img>
                <span class="method-name">testFlakyLoginAttempt</span>
                <span class="method-start">223979 ms</span>
              </div> <!-- test-method -->
              <div class="configuration-method after">
                <span class="method-name">teardown([TestResult name=testFlakyLoginAttempt status=FAILURE method=TC005_RetryAnalyzerTest.testFlakyLoginA...)</span>
                <span class="method-start">236665 ms</span>
              </div> <!-- configuration-method after -->
            </div> <!-- chronological-class -->
            <div class="chronological-class">
              <div class="chronological-class-name">com.sauceDemo.testCases.TC006_LoginDDTTest</div> <!-- chronological-class-name -->
              <div class="configuration-method before">
                <span class="method-name">setup(chrome, true, false, org.testng.TestRunner@15ed06d3)</span>
                <span class="method-start">240411 ms</span>
              </div> <!-- configuration-method before -->
              <div class="test-method">
                <span class="method-name">testLoginDataDrivenTest(standard_user, secret_sauce, Success)</span>
                <span class="method-start">242658 ms</span>
              </div> <!-- test-method -->
              <div class="configuration-method after">
                <span class="method-name">teardown([TestResult name=testLoginDataDrivenTest status=SUCCESS method=TC006_LoginDDTTest.testLoginDataDrive...)</span>
                <span class="method-start">254723 ms</span>
              </div> <!-- configuration-method after -->
              <div class="configuration-method before">
                <span class="method-name">setup(chrome, true, false, org.testng.TestRunner@15ed06d3)</span>
                <span class="method-start">255567 ms</span>
              </div> <!-- configuration-method before -->
              <div class="test-method">
                <span class="method-name">testLoginDataDrivenTest(locked_out_user, secret_sauce, Failure)</span>
                <span class="method-start">257669 ms</span>
              </div> <!-- test-method -->
              <div class="configuration-method after">
                <span class="method-name">teardown([TestResult name=testLoginDataDrivenTest status=SUCCESS method=TC006_LoginDDTTest.testLoginDataDrive...)</span>
                <span class="method-start">259987 ms</span>
              </div> <!-- configuration-method after -->
              <div class="configuration-method before">
                <span class="method-name">setup(chrome, true, false, org.testng.TestRunner@15ed06d3)</span>
                <span class="method-start">260675 ms</span>
              </div> <!-- configuration-method before -->
              <div class="test-method">
                <span class="method-name">testLoginDataDrivenTest(problem_user, secret_sauce, Success)</span>
                <span class="method-start">262685 ms</span>
              </div> <!-- test-method -->
              <div class="configuration-method after">
                <span class="method-name">teardown([TestResult name=testLoginDataDrivenTest status=SUCCESS method=TC006_LoginDDTTest.testLoginDataDrive...)</span>
                <span class="method-start">275032 ms</span>
              </div> <!-- configuration-method after -->
              <div class="configuration-method before">
                <span class="method-name">setup(chrome, true, false, org.testng.TestRunner@15ed06d3)</span>
                <span class="method-start">275871 ms</span>
              </div> <!-- configuration-method before -->
              <div class="test-method">
                <span class="method-name">testLoginDataDrivenTest(performance_glitch_user, secret_sauce, Success)</span>
                <span class="method-start">278044 ms</span>
              </div> <!-- test-method -->
              <div class="configuration-method after">
                <span class="method-name">teardown([TestResult name=testLoginDataDrivenTest status=SUCCESS method=TC006_LoginDDTTest.testLoginDataDrive...)</span>
                <span class="method-start">295255 ms</span>
              </div> <!-- configuration-method after -->
              <div class="configuration-method before">
                <span class="method-name">setup(chrome, true, false, org.testng.TestRunner@15ed06d3)</span>
                <span class="method-start">296109 ms</span>
              </div> <!-- configuration-method before -->
              <div class="test-method">
                <span class="method-name">testLoginDataDrivenTest(invalid_user, wrong_password, Failure)</span>
                <span class="method-start">298444 ms</span>
              </div> <!-- test-method -->
              <div class="configuration-method after">
                <span class="method-name">teardown([TestResult name=testLoginDataDrivenTest status=SUCCESS method=TC006_LoginDDTTest.testLoginDataDrive...)</span>
                <span class="method-start">301241 ms</span>
              </div> <!-- configuration-method after -->
            </div> <!-- chronological-class -->
            <div class="chronological-class">
              <div class="chronological-class-name">com.sauceDemo.testCases.TC007_DashboardMenuTest</div> <!-- chronological-class-name -->
              <div class="configuration-method before">
                <span class="method-name">setup(chrome, true, false, org.testng.TestRunner@15ed06d3)</span>
                <span class="method-start">302019 ms</span>
              </div> <!-- configuration-method before -->
              <div class="test-method">
                <span class="method-name">verifyHamburgerMenuItems</span>
                <span class="method-start">304950 ms</span>
              </div> <!-- test-method -->
              <div class="configuration-method after">
                <span class="method-name">teardown([TestResult name=verifyHamburgerMenuItems status=SUCCESS method=TC007_DashboardMenuTest.verifyHambur...)</span>
                <span class="method-start">318527 ms</span>
              </div> <!-- configuration-method after -->
            </div> <!-- chronological-class -->
            <div class="chronological-class">
              <div class="chronological-class-name">com.sauceDemo.testCases.TC008_PurchaseFlowJson</div> <!-- chronological-class-name -->
              <div class="configuration-method before">
                <span class="method-name">setup(chrome, true, false, org.testng.TestRunner@15ed06d3)</span>
                <span class="method-start">320368 ms</span>
              </div> <!-- configuration-method before -->
              <div class="test-method">
                <span class="method-name">verifyPurchaseFlowWithDynamicData(Standard Purchase - BackPack & Bike Light, PurchaseScenario{scenarioName='Standard Purchase - BackPa...)</span>
                <span class="method-start">329047 ms</span>
              </div> <!-- test-method -->
              <div class="configuration-method after">
                <span class="method-name">teardown([TestResult name=verifyPurchaseFlowWithDynamicData status=SUCCESS method=TC008_PurchaseFlowJson.veri...)</span>
                <span class="method-start">378188 ms</span>
              </div> <!-- configuration-method after -->
              <div class="configuration-method before">
                <span class="method-name">setup(chrome, true, false, org.testng.TestRunner@15ed06d3)</span>
                <span class="method-start">379042 ms</span>
              </div> <!-- configuration-method before -->
              <div class="test-method">
                <span class="method-name">verifyPurchaseFlowWithDynamicData(Single Item Purchase - Bolt T-Shirt, PurchaseScenario{scenarioName='Single Item Purchase - Bolt T-Sh...)</span>
                <span class="method-start">382745 ms</span>
              </div> <!-- test-method -->
              <div class="configuration-method after">
                <span class="method-name">teardown([TestResult name=verifyPurchaseFlowWithDynamicData status=SUCCESS method=TC008_PurchaseFlowJson.veri...)</span>
                <span class="method-start">431559 ms</span>
              </div> <!-- configuration-method after -->
              <div class="configuration-method before">
                <span class="method-name">setup(chrome, true, false, org.testng.TestRunner@15ed06d3)</span>
                <span class="method-start">432430 ms</span>
              </div> <!-- configuration-method before -->
              <div class="test-method">
                <span class="method-name">verifyPurchaseFlowWithDynamicData(Error Scenario - Empty Zip Code, PurchaseScenario{scenarioName='Error Scenario - Empty Zip Code', pr...)</span>
                <span class="method-start">434918 ms</span>
              </div> <!-- test-method -->
              <div class="configuration-method after">
                <span class="method-name">teardown([TestResult name=verifyPurchaseFlowWithDynamicData status=SUCCESS method=TC008_PurchaseFlowJson.veri...)</span>
                <span class="method-start">463715 ms</span>
              </div> <!-- configuration-method after -->
              <div class="configuration-method before">
                <span class="method-name">setup(chrome, true, false, org.testng.TestRunner@15ed06d3)</span>
                <span class="method-start">464600 ms</span>
              </div> <!-- configuration-method before -->
              <div class="test-method">
                <span class="method-name">verifyPurchaseFlowWithDynamicData(Error Scenario - No Products Selected, PurchaseScenario{scenarioName='Error Scenario - No Products S...)</span>
                <span class="method-start">467363 ms</span>
              </div> <!-- test-method -->
              <div class="configuration-method after">
                <span class="method-name">teardown([TestResult name=verifyPurchaseFlowWithDynamicData status=SKIP method=TC008_PurchaseFlowJson.verifyP...)</span>
                <span class="method-start">535121 ms</span>
              </div> <!-- configuration-method after -->
              <div class="configuration-method before">
                <span class="method-name">setup(chrome, true, false, org.testng.TestRunner@15ed06d3)</span>
                <span class="method-start">535982 ms</span>
              </div> <!-- configuration-method before -->
              <div class="test-method">
                <img src="failed.png">
                </img>
                <span class="method-name">verifyPurchaseFlowWithDynamicData(Error Scenario - No Products Selected, PurchaseScenario{scenarioName='Error Scenario - No Products S...)</span>
                <span class="method-start">538260 ms</span>
              </div> <!-- test-method -->
              <div class="configuration-method after">
                <span class="method-name">teardown([TestResult name=verifyPurchaseFlowWithDynamicData status=FAILURE method=TC008_PurchaseFlowJson.veri...)</span>
                <span class="method-start">603228 ms</span>
              </div> <!-- configuration-method after -->
            </div> <!-- chronological-class -->
            <div class="chronological-class">
              <div class="chronological-class-name">com.sauceDemo.testCases.TC009_DynamicCheckoutInfoTest</div> <!-- chronological-class-name -->
              <div class="configuration-method before">
                <span class="method-name">setup(chrome, true, false, org.testng.TestRunner@15ed06d3)</span>
                <span class="method-start">604091 ms</span>
              </div> <!-- configuration-method before -->
              <div class="test-method">
                <span class="method-name">verifyPurchaseFlowWithFakerData</span>
                <span class="method-start">606460 ms</span>
              </div> <!-- test-method -->
              <div class="configuration-method after">
                <span class="method-name">teardown([TestResult name=verifyPurchaseFlowWithFakerData status=SUCCESS method=TC009_DynamicCheckoutInfoTest...)</span>
                <span class="method-start">676880 ms</span>
              </div> <!-- configuration-method after -->
            </div> <!-- chronological-class -->
            <div class="chronological-class">
              <div class="chronological-class-name">com.sauceDemo.testCases.TC010_BuilderPatternCheckoutTest</div> <!-- chronological-class-name -->
              <div class="configuration-method before">
                <span class="method-name">setup(chrome, true, false, org.testng.TestRunner@15ed06d3)</span>
                <span class="method-start">677714 ms</span>
              </div> <!-- configuration-method before -->
              <div class="test-method">
                <span class="method-name">tc010_verifyPurchaseFlowWithBuilderData</span>
                <span class="method-start">680243 ms</span>
              </div> <!-- test-method -->
              <div class="configuration-method after">
                <span class="method-name">teardown([TestResult name=tc010_verifyPurchaseFlowWithBuilderData status=SUCCESS method=TC010_BuilderPatternC...)</span>
                <span class="method-start">735763 ms</span>
              </div> <!-- configuration-method after -->
            </div> <!-- chronological-class -->
            <div class="chronological-class">
              <div class="chronological-class-name">com.sauceDemo.testCases.TC011_CustomExceptionDemoTest</div> <!-- chronological-class-name -->
              <div class="configuration-method before">
                <span class="method-name">setup(chrome, true, false, org.testng.TestRunner@15ed06d3)</span>
                <span class="method-start">736658 ms</span>
              </div> <!-- configuration-method before -->
              <div class="test-method">
                <span class="method-name">demonstrateCustomExceptions</span>
                <span class="method-start">739267 ms</span>
              </div> <!-- test-method -->
              <div class="configuration-method after">
                <span class="method-name">teardown([TestResult name=demonstrateCustomExceptions status=SKIP method=TC011_CustomExceptionDemoTest.demons...)</span>
                <span class="method-start">761473 ms</span>
              </div> <!-- configuration-method after -->
              <div class="configuration-method before">
                <span class="method-name">setup(chrome, true, false, org.testng.TestRunner@15ed06d3)</span>
                <span class="method-start">762384 ms</span>
              </div> <!-- configuration-method before -->
              <div class="test-method">
                <img src="failed.png">
                </img>
                <span class="method-name">demonstrateCustomExceptions</span>
                <span class="method-start">764704 ms</span>
              </div> <!-- test-method -->
              <div class="configuration-method after">
                <span class="method-name">teardown([TestResult name=demonstrateCustomExceptions status=FAILURE method=TC011_CustomExceptionDemoTest.dem...)</span>
                <span class="method-start">787108 ms</span>
              </div> <!-- configuration-method after -->
            </div> <!-- chronological-class -->
            <div class="chronological-class">
              <div class="chronological-class-name">com.sauceDemo.testCases.TC012_WebDriverUtilsDemoTest</div> <!-- chronological-class-name -->
              <div class="configuration-method before">
                <span class="method-name">setup(chrome, true, false, org.testng.TestRunner@15ed06d3)</span>
                <span class="method-start">787991 ms</span>
              </div> <!-- configuration-method before -->
              <div class="test-method">
                <span class="method-name">demonstrateWebDriverUtils</span>
                <span class="method-start">790305 ms</span>
              </div> <!-- test-method -->
              <div class="configuration-method after">
                <span class="method-name">teardown([TestResult name=demonstrateWebDriverUtils status=SUCCESS method=TC012_WebDriverUtilsDemoTest.demons...)</span>
                <span class="method-start">825270 ms</span>
              </div> <!-- configuration-method after -->
            </div> <!-- chronological-class -->
            <div class="chronological-class">
              <div class="chronological-class-name">com.sauceDemo.testCases.TC013_HyundaiWarrantyWindowHandling</div> <!-- chronological-class-name -->
              <div class="configuration-method before">
                <span class="method-name">setup(chrome, true, false, org.testng.TestRunner@15ed06d3)</span>
                <span class="method-start">826125 ms</span>
              </div> <!-- configuration-method before -->
              <div class="test-method">
                <span class="method-name">testHyundaiWarrantyLinkWindowHandling</span>
                <span class="method-start">828613 ms</span>
              </div> <!-- test-method -->
              <div class="configuration-method after">
                <span class="method-name">teardown([TestResult name=testHyundaiWarrantyLinkWindowHandling status=SUCCESS method=TC013_HyundaiWarrantyWi...)</span>
                <span class="method-start">869411 ms</span>
              </div> <!-- configuration-method after -->
            </div> <!-- chronological-class -->
            <div class="chronological-class">
              <div class="chronological-class-name">com.sauceDemo.testCases.TC014_EnhancedLoginTest</div> <!-- chronological-class-name -->
              <div class="configuration-method before">
                <span class="method-name">setup(chrome, true, false, org.testng.TestRunner@15ed06d3)</span>
                <span class="method-start">870325 ms</span>
              </div> <!-- configuration-method before -->
              <div class="test-method">
                <span class="method-name">testEnhancedLogin</span>
                <span class="method-start">872824 ms</span>
              </div> <!-- test-method -->
              <div class="configuration-method after">
                <span class="method-name">teardown([TestResult name=testEnhancedLogin status=SUCCESS method=TC014_EnhancedLoginTest.testEnhancedLogin()...)</span>
                <span class="method-start">874858 ms</span>
              </div> <!-- configuration-method after -->
          </div> <!-- main-panel-content rounded-window-bottom -->
        </div> <!-- panel -->
      </div> <!-- main-panel-root -->
    </div> <!-- wrapper -->
  </body>
<script type="text/javascript" src="testng-reports2.js"></script>
</html>
